2024-06-05 10:40:27.808 [DEBU] {d8304f2661fbd5178880ad45639a6dee} [222 ms] [default] [think-sso] [rows:11 ] SHOW FULL COLUMNS FROM `user`
2024-06-05 10:40:27.830 [DEBU] {d8304f2661fbd5178880ad45639a6dee} [ 20 ms] [default] [think-sso] [rows:1  ] SELECT COUNT(1) FROM `user` WHERE (`email`='598586050@qq.com') AND `delete_time` IS NULL
2024-06-05 10:40:27.838 [DEBU] {d8304f2661fbd5178880ad45639a6dee} [  7 ms] [default] [think-sso] [rows:2  ] SHOW TABLES
2024-06-05 10:40:27.869 [DEBU] {d8304f2661fbd5178880ad45639a6dee} [ 28 ms] [default] [think-sso] [rows:1  ] SELECT `id`,`name`,`phone`,`email`,`password`,`code`,`code_time`,`app_ids`,`create_time`,`update_time`,`delete_time` FROM `user` WHERE ((`email`='598586050@qq.com') AND (`password`='123456')) AND `delete_time` IS NULL LIMIT 1
2024-06-05 10:42:16.762 [DEBU] {1c1f408f7afbd5178980ad456a59954c} [ 42 ms] [default] [think-sso] [rows:1  ] SELECT COUNT(1) FROM `user` WHERE (`email`='598586050@qq.com') AND `delete_time` IS NULL
2024-06-05 10:42:16.777 [DEBU] {1c1f408f7afbd5178980ad456a59954c} [ 14 ms] [default] [think-sso] [rows:1  ] SELECT `id`,`name`,`phone`,`email`,`password`,`code`,`code_time`,`app_ids`,`create_time`,`update_time`,`delete_time` FROM `user` WHERE ((`email`='598586050@qq.com') AND (`password`='123456')) AND `delete_time` IS NULL LIMIT 1
2024-06-05 10:43:19.117 [DEBU] {6c0f761489fbd517fed6c74cccc99996} [ 32 ms] [default] [think-sso] [rows:11 ] SHOW FULL COLUMNS FROM `user`
2024-06-05 10:43:19.133 [DEBU] {6c0f761489fbd517fed6c74cccc99996} [ 12 ms] [default] [think-sso] [rows:1  ] SELECT COUNT(1) FROM `user` WHERE (`email`='598586050@qq.com') AND `delete_time` IS NULL
2024-06-05 10:43:19.144 [DEBU] {6c0f761489fbd517fed6c74cccc99996} [ 11 ms] [default] [think-sso] [rows:2  ] SHOW TABLES
2024-06-05 10:43:19.158 [DEBU] {6c0f761489fbd517fed6c74cccc99996} [ 13 ms] [default] [think-sso] [rows:1  ] SELECT `id`,`name`,`phone`,`email`,`password`,`code`,`code_time`,`app_ids`,`create_time`,`update_time`,`delete_time` FROM `user` WHERE ((`email`='598586050@qq.com') AND (`password`='123456')) AND `delete_time` IS NULL LIMIT 1
2024-06-05 10:44:34.771 [DEBU] {3004cdb19afbd51700d7c74c03866a64} [ 32 ms] [default] [think-sso] [rows:1  ] SELECT COUNT(1) FROM `user` WHERE `delete_time` IS NULL
2024-06-05 10:44:34.779 [DEBU] {3004cdb19afbd51700d7c74c03866a64} [  6 ms] [default] [think-sso] [rows:1  ] SELECT `id`,`name`,`phone`,`email`,`app_ids`,`create_time`,`update_time` FROM `user` WHERE `delete_time` IS NULL LIMIT 0,10
2024-06-05 10:58:27.425 [DEBU] {2878d98f5cfcd51786595c6a9ca63045} [ 32 ms] [default] [think-sso] [rows:11 ] SHOW FULL COLUMNS FROM `user`
2024-06-05 10:58:27.442 [DEBU] {2878d98f5cfcd51786595c6a9ca63045} [ 16 ms] [default] [think-sso] [rows:1  ] SELECT COUNT(1) FROM `user` WHERE (`email`='598586050@qq.com') AND `delete_time` IS NULL
2024-06-05 10:58:27.447 [DEBU] {2878d98f5cfcd51786595c6a9ca63045} [  5 ms] [default] [think-sso] [rows:2  ] SHOW TABLES
2024-06-05 10:58:27.459 [DEBU] {2878d98f5cfcd51786595c6a9ca63045} [ 10 ms] [default] [think-sso] [rows:1  ] SELECT `id`,`name`,`phone`,`email`,`password`,`code`,`code_time`,`app_ids`,`create_time`,`update_time`,`delete_time` FROM `user` WHERE ((`email`='598586050@qq.com') AND (`password`='123456')) AND `delete_time` IS NULL LIMIT 1
2024-06-05 10:58:38.068 [DEBU] {7869ba0b5ffcd51787595c6a46036830} [  6 ms] [default] [think-sso] [rows:1  ] SELECT COUNT(1) FROM `user` WHERE `delete_time` IS NULL
2024-06-05 10:58:38.075 [DEBU] {7869ba0b5ffcd51787595c6a46036830} [  6 ms] [default] [think-sso] [rows:1  ] SELECT `id`,`name`,`phone`,`email`,`app_ids`,`create_time`,`update_time` FROM `user` WHERE `delete_time` IS NULL LIMIT 0,10
2024-06-05 16:00:21.246 [DEBU] {cc25e403d60cd617cc6ad7001b49191d} [ 28 ms] [default] [think-sso] [rows:12 ] SHOW FULL COLUMNS FROM `user`
2024-06-05 16:00:21.337 [DEBU] {cc25e403d60cd617cc6ad7001b49191d} [ 89 ms] [default] [think-sso] [rows:1  ] SELECT COUNT(1) FROM `user` WHERE (`email`='598586050@qq.com') AND `delete_time` IS NULL
2024-06-05 16:00:21.344 [DEBU] {cc25e403d60cd617cc6ad7001b49191d} [  6 ms] [default] [think-sso] [rows:2  ] SHOW TABLES
2024-06-05 16:00:21.358 [DEBU] {cc25e403d60cd617cc6ad7001b49191d} [ 14 ms] [default] [think-sso] [rows:1  ] SELECT `id`,`name`,`avatar`,`phone`,`email`,`password`,`code`,`code_time`,`app_ids`,`create_time`,`update_time`,`delete_time` FROM `user` WHERE ((`email`='598586050@qq.com') AND (`password`='123456')) AND `delete_time` IS NULL LIMIT 1
2024-06-05 16:03:00.034 [DEBU] {608088fbfa0cd617cd6ad7006c0399b9} [ 44 ms] [default] [think-sso] [rows:1  ] SELECT COUNT(1) FROM `user` WHERE (`email`='598586050@qq.com') AND `delete_time` IS NULL
2024-06-05 16:03:00.051 [DEBU] {608088fbfa0cd617cd6ad7006c0399b9} [ 16 ms] [default] [think-sso] [rows:1  ] SELECT `id`,`name`,`avatar`,`phone`,`email`,`password`,`code`,`code_time`,`app_ids`,`create_time`,`update_time`,`delete_time` FROM `user` WHERE ((`email`='598586050@qq.com') AND (`password`='123456')) AND `delete_time` IS NULL LIMIT 1
2024-06-05 16:06:45.464 [DEBU] {543623782f0dd617ce6ad700287b784a} [ 45 ms] [default] [think-sso] [rows:1  ] SELECT COUNT(1) FROM `user` WHERE (`email`='598586050@qq.com') AND `delete_time` IS NULL
2024-06-05 16:06:45.488 [DEBU] {543623782f0dd617ce6ad700287b784a} [ 23 ms] [default] [think-sso] [rows:1  ] SELECT `id`,`name`,`avatar`,`phone`,`email`,`password`,`code`,`code_time`,`app_ids`,`create_time`,`update_time`,`delete_time` FROM `user` WHERE ((`email`='598586050@qq.com') AND (`password`='123456')) AND `delete_time` IS NULL LIMIT 1
2024-06-05 16:11:25.976 [DEBU] {505f76c8700dd617cf6ad700b3fc9fcd} [ 36 ms] [default] [think-sso] [rows:1  ] SELECT COUNT(1) FROM `user` WHERE (`email`='598586050@qq.com') AND `delete_time` IS NULL
2024-06-05 16:11:25.991 [DEBU] {505f76c8700dd617cf6ad700b3fc9fcd} [ 14 ms] [default] [think-sso] [rows:1  ] SELECT `id`,`name`,`avatar`,`phone`,`email`,`password`,`code`,`code_time`,`app_ids`,`create_time`,`update_time`,`delete_time` FROM `user` WHERE ((`email`='598586050@qq.com') AND (`password`='123456')) AND `delete_time` IS NULL LIMIT 1
2024-06-05 16:14:57.496 [DEBU] {c8eb6e08a20dd617f1044c6c50c04589} [ 30 ms] [default] [think-sso] [rows:12 ] SHOW FULL COLUMNS FROM `user`
2024-06-05 16:14:57.514 [DEBU] {c8eb6e08a20dd617f1044c6c50c04589} [ 17 ms] [default] [think-sso] [rows:1  ] SELECT COUNT(1) FROM `user` WHERE (`email`='598586050@qq.com') AND `delete_time` IS NULL
2024-06-05 16:14:57.520 [DEBU] {c8eb6e08a20dd617f1044c6c50c04589} [  5 ms] [default] [think-sso] [rows:2  ] SHOW TABLES
2024-06-05 16:14:57.533 [DEBU] {c8eb6e08a20dd617f1044c6c50c04589} [ 12 ms] [default] [think-sso] [rows:1  ] SELECT `id`,`name`,`avatar`,`phone`,`email`,`password`,`code`,`code_time`,`app_ids`,`create_time`,`update_time`,`delete_time` FROM `user` WHERE ((`email`='598586050@qq.com') AND (`password`='123456')) AND `delete_time` IS NULL LIMIT 1
2024-06-05 16:22:42.741 [DEBU] {14ac1b5b0e0ed617172fc01deb182d1c} [ 31 ms] [default] [think-sso] [rows:12 ] SHOW FULL COLUMNS FROM `user`
2024-06-05 16:22:42.753 [DEBU] {14ac1b5b0e0ed617172fc01deb182d1c} [ 11 ms] [default] [think-sso] [rows:1  ] SELECT COUNT(1) FROM `user` WHERE (`email`='598586050@qq.com') AND `delete_time` IS NULL
2024-06-05 16:22:42.760 [DEBU] {14ac1b5b0e0ed617172fc01deb182d1c} [  6 ms] [default] [think-sso] [rows:2  ] SHOW TABLES
2024-06-05 16:22:42.775 [DEBU] {14ac1b5b0e0ed617172fc01deb182d1c} [ 14 ms] [default] [think-sso] [rows:1  ] SELECT `id`,`name`,`avatar`,`phone`,`email`,`password`,`code`,`code_time`,`app_ids`,`create_time`,`update_time`,`delete_time` FROM `user` WHERE ((`email`='598586050@qq.com') AND (`password`='123456')) AND `delete_time` IS NULL LIMIT 1
2024-06-05 16:24:05.501 [DEBU] {0034e19f210ed617182fc01d794b304d} [ 33 ms] [default] [think-sso] [rows:1  ] SELECT COUNT(1) FROM `user` WHERE (`email`='598586050@qq.com') AND `delete_time` IS NULL
2024-06-05 16:24:05.515 [DEBU] {0034e19f210ed617182fc01d794b304d} [ 12 ms] [default] [think-sso] [rows:1  ] SELECT `id`,`name`,`avatar`,`phone`,`email`,`password`,`code`,`code_time`,`app_ids`,`create_time`,`update_time`,`delete_time` FROM `user` WHERE ((`email`='598586050@qq.com') AND (`password`='123456')) AND `delete_time` IS NULL LIMIT 1
2024-06-05 16:27:17.842 [DEBU] {14da1d684e0ed617192fc01d87c685e7} [ 37 ms] [default] [think-sso] [rows:1  ] SELECT COUNT(1) FROM `user` WHERE (`email`='598586050@qq.com') AND `delete_time` IS NULL
2024-06-05 16:27:17.855 [DEBU] {14da1d684e0ed617192fc01d87c685e7} [ 12 ms] [default] [think-sso] [rows:1  ] SELECT `id`,`name`,`avatar`,`phone`,`email`,`password`,`code`,`code_time`,`app_ids`,`create_time`,`update_time`,`delete_time` FROM `user` WHERE ((`email`='598586050@qq.com') AND (`password`='123456')) AND `delete_time` IS NULL LIMIT 1
2024-06-05 16:31:38.094 [DEBU] {b49831dc8a0ed617c48f894854f86ac9} [642 ms] [default] [think-sso] [rows:12 ] SHOW FULL COLUMNS FROM `user`
2024-06-05 16:31:38.107 [DEBU] {b49831dc8a0ed617c48f894854f86ac9} [ 11 ms] [default] [think-sso] [rows:1  ] SELECT COUNT(1) FROM `user` WHERE (`email`='598586050@qq.com') AND `delete_time` IS NULL
2024-06-05 16:31:38.113 [DEBU] {b49831dc8a0ed617c48f894854f86ac9} [  6 ms] [default] [think-sso] [rows:2  ] SHOW TABLES
2024-06-05 16:31:38.126 [DEBU] {b49831dc8a0ed617c48f894854f86ac9} [ 12 ms] [default] [think-sso] [rows:1  ] SELECT `id`,`name`,`avatar`,`phone`,`email`,`password`,`code`,`code_time`,`app_ids`,`create_time`,`update_time`,`delete_time` FROM `user` WHERE ((`email`='598586050@qq.com') AND (`password`='123456')) AND `delete_time` IS NULL LIMIT 1
2024-06-05 16:31:57.602 [DEBU] {9c43638b8f0ed617eb650a69a79a4a98} [ 30 ms] [default] [think-sso] [rows:12 ] SHOW FULL COLUMNS FROM `user`
2024-06-05 16:31:57.616 [DEBU] {9c43638b8f0ed617eb650a69a79a4a98} [ 12 ms] [default] [think-sso] [rows:1  ] SELECT COUNT(1) FROM `user` WHERE (`email`='598586050@qq.com') AND `delete_time` IS NULL
2024-06-05 16:31:57.626 [DEBU] {9c43638b8f0ed617eb650a69a79a4a98} [ 10 ms] [default] [think-sso] [rows:2  ] SHOW TABLES
2024-06-05 16:31:57.638 [DEBU] {9c43638b8f0ed617eb650a69a79a4a98} [ 12 ms] [default] [think-sso] [rows:1  ] SELECT `id`,`name`,`avatar`,`phone`,`email`,`password`,`code`,`code_time`,`app_ids`,`create_time`,`update_time`,`delete_time` FROM `user` WHERE ((`email`='598586050@qq.com') AND (`password`='123456')) AND `delete_time` IS NULL LIMIT 1
2024-06-05 16:34:16.556 [DEBU] {801ee8e5af0ed6171776237cd9e62c02} [ 28 ms] [default] [think-sso] [rows:12 ] SHOW FULL COLUMNS FROM `user`
2024-06-05 16:34:16.567 [DEBU] {801ee8e5af0ed6171776237cd9e62c02} [ 10 ms] [default] [think-sso] [rows:1  ] SELECT COUNT(1) FROM `user` WHERE (`email`='598586050@qq.com') AND `delete_time` IS NULL
2024-06-05 16:34:16.592 [DEBU] {801ee8e5af0ed6171776237cd9e62c02} [ 24 ms] [default] [think-sso] [rows:2  ] SHOW TABLES
2024-06-05 16:34:16.604 [DEBU] {801ee8e5af0ed6171776237cd9e62c02} [ 10 ms] [default] [think-sso] [rows:1  ] SELECT `id`,`name`,`avatar`,`phone`,`email`,`password`,`code`,`code_time`,`app_ids`,`create_time`,`update_time`,`delete_time` FROM `user` WHERE ((`email`='598586050@qq.com') AND (`password`='123456')) AND `delete_time` IS NULL LIMIT 1
2024-06-05 16:37:18.509 [DEBU] {b032f942da0ed61765c3656ac4bada7d} [ 31 ms] [default] [think-sso] [rows:12 ] SHOW FULL COLUMNS FROM `user`
2024-06-05 16:37:18.523 [DEBU] {b032f942da0ed61765c3656ac4bada7d} [ 13 ms] [default] [think-sso] [rows:1  ] SELECT COUNT(1) FROM `user` WHERE (`email`='598586050@qq.com') AND `delete_time` IS NULL
2024-06-05 16:37:18.529 [DEBU] {b032f942da0ed61765c3656ac4bada7d} [  6 ms] [default] [think-sso] [rows:2  ] SHOW TABLES
2024-06-05 16:37:18.547 [DEBU] {b032f942da0ed61765c3656ac4bada7d} [ 17 ms] [default] [think-sso] [rows:1  ] SELECT `id`,`name`,`avatar`,`phone`,`email`,`password`,`code`,`code_time`,`app_ids`,`create_time`,`update_time`,`delete_time` FROM `user` WHERE ((`email`='598586050@qq.com') AND (`password`='123456')) AND `delete_time` IS NULL LIMIT 1
2024-06-05 16:37:25.105 [DEBU] {04b401cddb0ed61766c3656a63bab2cf} [ 17 ms] [default] [think-sso] [rows:1  ] SELECT COUNT(1) FROM `user` WHERE (`email`='598586050@qq.com') AND `delete_time` IS NULL
2024-06-05 16:37:25.117 [DEBU] {04b401cddb0ed61766c3656a63bab2cf} [ 10 ms] [default] [think-sso] [rows:1  ] SELECT `id`,`name`,`avatar`,`phone`,`email`,`password`,`code`,`code_time`,`app_ids`,`create_time`,`update_time`,`delete_time` FROM `user` WHERE ((`email`='598586050@qq.com') AND (`password`='123456')) AND `delete_time` IS NULL LIMIT 1
2024-06-05 16:37:27.263 [DEBU] {48eeb14ddc0ed61767c3656a0dab1334} [ 15 ms] [default] [think-sso] [rows:1  ] SELECT COUNT(1) FROM `user` WHERE (`email`='598586050@qq.com') AND `delete_time` IS NULL
2024-06-05 16:37:28.108 [DEBU] {48eeb14ddc0ed61767c3656a0dab1334} [844 ms] [default] [think-sso] [rows:1  ] SELECT `id`,`name`,`avatar`,`phone`,`email`,`password`,`code`,`code_time`,`app_ids`,`create_time`,`update_time`,`delete_time` FROM `user` WHERE ((`email`='598586050@qq.com') AND (`password`='123456')) AND `delete_time` IS NULL LIMIT 1
2024-06-05 16:38:05.155 [DEBU] {b82c5c1ee50ed617cd711e0574dcae0d} [ 46 ms] [default] [think-sso] [rows:12 ] SHOW FULL COLUMNS FROM `user`
2024-06-05 16:38:05.171 [DEBU] {b82c5c1ee50ed617cd711e0574dcae0d} [ 14 ms] [default] [think-sso] [rows:1  ] SELECT COUNT(1) FROM `user` WHERE (`email`='598586050@qq.com') AND `delete_time` IS NULL
2024-06-05 16:38:05.595 [DEBU] {b82c5c1ee50ed617cd711e0574dcae0d} [423 ms] [default] [think-sso] [rows:2  ] SHOW TABLES
2024-06-05 16:38:05.817 [DEBU] {b82c5c1ee50ed617cd711e0574dcae0d} [219 ms] [default] [think-sso] [rows:1  ] SELECT `id`,`name`,`avatar`,`phone`,`email`,`password`,`code`,`code_time`,`app_ids`,`create_time`,`update_time`,`delete_time` FROM `user` WHERE ((`email`='598586050@qq.com') AND (`password`='123456')) AND `delete_time` IS NULL LIMIT 1
2024-06-05 16:46:42.749 [DEBU] {14ad5fa25d0fd6177c583f02834846aa} [ 29 ms] [default] [think-sso] [rows:12 ] SHOW FULL COLUMNS FROM `user`
2024-06-05 16:46:42.763 [DEBU] {14ad5fa25d0fd6177c583f02834846aa} [ 13 ms] [default] [think-sso] [rows:1  ] SELECT COUNT(1) FROM `user` WHERE (`email`='598586050@qq.com') AND `delete_time` IS NULL
2024-06-05 16:46:42.769 [DEBU] {14ad5fa25d0fd6177c583f02834846aa} [  6 ms] [default] [think-sso] [rows:2  ] SHOW TABLES
2024-06-05 16:46:42.781 [DEBU] {14ad5fa25d0fd6177c583f02834846aa} [ 12 ms] [default] [think-sso] [rows:1  ] SELECT `id`,`name`,`avatar`,`phone`,`email`,`password`,`code`,`code_time`,`app_ids`,`create_time`,`update_time`,`delete_time` FROM `user` WHERE ((`email`='598586050@qq.com') AND (`password`='123456')) AND `delete_time` IS NULL LIMIT 1
2024-06-05 16:46:50.795 [DEBU] {6882e0825f0fd6177d583f02c9ad60f9} [ 15 ms] [default] [think-sso] [rows:1  ] SELECT COUNT(1) FROM `user` WHERE (`email`='598586050@qq.com') AND `delete_time` IS NULL
2024-06-05 16:46:50.811 [DEBU] {6882e0825f0fd6177d583f02c9ad60f9} [ 15 ms] [default] [think-sso] [rows:1  ] SELECT `id`,`name`,`avatar`,`phone`,`email`,`password`,`code`,`code_time`,`app_ids`,`create_time`,`update_time`,`delete_time` FROM `user` WHERE ((`email`='598586050@qq.com') AND (`password`='123456')) AND `delete_time` IS NULL LIMIT 1
2024-06-05 16:49:27.299 [DEBU] {800a11f2830fd6177088467cc5c4e9d6} [ 34 ms] [default] [think-sso] [rows:12 ] SHOW FULL COLUMNS FROM `user`
2024-06-05 16:49:27.313 [DEBU] {800a11f2830fd6177088467cc5c4e9d6} [ 12 ms] [default] [think-sso] [rows:1  ] SELECT COUNT(1) FROM `user` WHERE (`email`='598586050@qq.com') AND `delete_time` IS NULL
2024-06-05 16:49:27.320 [DEBU] {800a11f2830fd6177088467cc5c4e9d6} [  6 ms] [default] [think-sso] [rows:2  ] SHOW TABLES
2024-06-05 16:49:27.335 [DEBU] {800a11f2830fd6177088467cc5c4e9d6} [ 14 ms] [default] [think-sso] [rows:1  ] SELECT `id`,`name`,`avatar`,`phone`,`email`,`password`,`code`,`code_time`,`app_ids`,`create_time`,`update_time`,`delete_time` FROM `user` WHERE ((`email`='598586050@qq.com') AND (`password`='123456')) AND `delete_time` IS NULL LIMIT 1
2024-06-05 16:52:55.488 [DEBU] {587a336bb40fd6175839dd56c602165c} [ 31 ms] [default] [think-sso] [rows:12 ] SHOW FULL COLUMNS FROM `user`
2024-06-05 16:52:55.503 [DEBU] {587a336bb40fd6175839dd56c602165c} [ 14 ms] [default] [think-sso] [rows:1  ] SELECT COUNT(1) FROM `user` WHERE (`email`='598586050@qq.com') AND `delete_time` IS NULL
2024-06-05 16:52:55.509 [DEBU] {587a336bb40fd6175839dd56c602165c} [  6 ms] [default] [think-sso] [rows:2  ] SHOW TABLES
2024-06-05 16:52:55.522 [DEBU] {587a336bb40fd6175839dd56c602165c} [ 12 ms] [default] [think-sso] [rows:1  ] SELECT `id`,`name`,`avatar`,`phone`,`email`,`password`,`code`,`code_time`,`app_ids`,`create_time`,`update_time`,`delete_time` FROM `user` WHERE ((`email`='598586050@qq.com') AND (`password`='123456')) AND `delete_time` IS NULL LIMIT 1
2024-06-05 16:54:44.692 [DEBU] {b4d748d8cd0fd617ab20f02588cc2b34} [ 31 ms] [default] [think-sso] [rows:12 ] SHOW FULL COLUMNS FROM `user`
2024-06-05 16:54:44.708 [DEBU] {b4d748d8cd0fd617ab20f02588cc2b34} [ 15 ms] [default] [think-sso] [rows:1  ] SELECT COUNT(1) FROM `user` WHERE (`email`='598586050@qq.com') AND `delete_time` IS NULL
2024-06-05 16:54:44.715 [DEBU] {b4d748d8cd0fd617ab20f02588cc2b34} [  6 ms] [default] [think-sso] [rows:2  ] SHOW TABLES
2024-06-05 16:54:44.728 [DEBU] {b4d748d8cd0fd617ab20f02588cc2b34} [ 11 ms] [default] [think-sso] [rows:1  ] SELECT `id`,`name`,`avatar`,`phone`,`email`,`password`,`code`,`code_time`,`app_ids`,`create_time`,`update_time`,`delete_time` FROM `user` WHERE ((`email`='598586050@qq.com') AND (`password`='123456')) AND `delete_time` IS NULL LIMIT 1
2024-06-05 16:56:52.256 [DEBU] {38642050eb0fd617b6fea004e260b062} [1030 ms] [default] [think-sso] [rows:12 ] SHOW FULL COLUMNS FROM `user`
2024-06-05 16:56:52.272 [DEBU] {38642050eb0fd617b6fea004e260b062} [ 14 ms] [default] [think-sso] [rows:1  ] SELECT COUNT(1) FROM `user` WHERE (`email`='598586050@qq.com') AND `delete_time` IS NULL
2024-06-05 16:56:52.278 [DEBU] {38642050eb0fd617b6fea004e260b062} [  5 ms] [default] [think-sso] [rows:2  ] SHOW TABLES
2024-06-05 16:56:52.291 [DEBU] {38642050eb0fd617b6fea004e260b062} [ 12 ms] [default] [think-sso] [rows:1  ] SELECT `id`,`name`,`avatar`,`phone`,`email`,`password`,`code`,`code_time`,`app_ids`,`create_time`,`update_time`,`delete_time` FROM `user` WHERE ((`email`='598586050@qq.com') AND (`password`='123456')) AND `delete_time` IS NULL LIMIT 1
2024-06-05 16:57:32.927 [DEBU] {78e87103f50fd617b7fea004c3dbbfa3} [ 39 ms] [default] [think-sso] [rows:1  ] SELECT COUNT(1) FROM `user` WHERE (`email`='598586050@qq.com') AND `delete_time` IS NULL
2024-06-05 16:57:32.941 [DEBU] {78e87103f50fd617b7fea004c3dbbfa3} [ 13 ms] [default] [think-sso] [rows:1  ] SELECT `id`,`name`,`avatar`,`phone`,`email`,`password`,`code`,`code_time`,`app_ids`,`create_time`,`update_time`,`delete_time` FROM `user` WHERE ((`email`='598586050@qq.com') AND (`password`='123456')) AND `delete_time` IS NULL LIMIT 1
2024-06-05 17:17:34.411 [DEBU] {7408acc10c11d61715b7ba4b38ce5b74} [ 36 ms] [default] [think-sso] [rows:12 ] SHOW FULL COLUMNS FROM `user`
2024-06-05 17:17:34.425 [DEBU] {7408acc10c11d61715b7ba4b38ce5b74} [ 12 ms] [default] [think-sso] [rows:1  ] SELECT COUNT(1) FROM `user` WHERE (`email`='598586050@qq.com') AND `delete_time` IS NULL
2024-06-05 17:17:34.431 [DEBU] {7408acc10c11d61715b7ba4b38ce5b74} [  6 ms] [default] [think-sso] [rows:2  ] SHOW TABLES
2024-06-05 17:17:34.443 [DEBU] {7408acc10c11d61715b7ba4b38ce5b74} [ 12 ms] [default] [think-sso] [rows:1  ] SELECT `id`,`name`,`avatar`,`phone`,`email`,`password`,`code`,`code_time`,`app_ids`,`create_time`,`update_time`,`delete_time` FROM `user` WHERE ((`email`='598586050@qq.com') AND (`password`='123456')) AND `delete_time` IS NULL LIMIT 1
2024-06-05 17:19:04.672 [DEBU] {eca35cc52111d617c58b9f61dcc0e57b} [ 39 ms] [default] [think-sso] [rows:12 ] SHOW FULL COLUMNS FROM `user`
2024-06-05 17:19:04.686 [DEBU] {eca35cc52111d617c58b9f61dcc0e57b} [ 13 ms] [default] [think-sso] [rows:1  ] SELECT COUNT(1) FROM `user` WHERE (`email`='598586050@qq.com') AND `delete_time` IS NULL
2024-06-05 17:19:04.692 [DEBU] {eca35cc52111d617c58b9f61dcc0e57b} [  5 ms] [default] [think-sso] [rows:2  ] SHOW TABLES
2024-06-05 17:19:04.710 [DEBU] {eca35cc52111d617c58b9f61dcc0e57b} [ 16 ms] [default] [think-sso] [rows:1  ] SELECT `id`,`name`,`avatar`,`phone`,`email`,`password`,`code`,`code_time`,`app_ids`,`create_time`,`update_time`,`delete_time` FROM `user` WHERE ((`email`='598586050@qq.com') AND (`password`='123456')) AND `delete_time` IS NULL LIMIT 1
2024-06-05 17:20:10.801 [DEBU] {546d382b3111d617c68b9f61af14d249} [ 36 ms] [default] [think-sso] [rows:1  ] SELECT COUNT(1) FROM `user` WHERE (`email`='598586050@qq.com') AND `delete_time` IS NULL
2024-06-05 17:20:10.817 [DEBU] {546d382b3111d617c68b9f61af14d249} [ 13 ms] [default] [think-sso] [rows:1  ] SELECT `id`,`name`,`avatar`,`phone`,`email`,`password`,`code`,`code_time`,`app_ids`,`create_time`,`update_time`,`delete_time` FROM `user` WHERE ((`email`='598586050@qq.com') AND (`password`='123456')) AND `delete_time` IS NULL LIMIT 1
2024-06-05 17:20:45.385 [DEBU] {bc0816383911d617c78b9f6191c0f73a} [ 45 ms] [default] [think-sso] [rows:1  ] SELECT COUNT(1) FROM `user` WHERE (`email`='598586050@qq.com') AND `delete_time` IS NULL
2024-06-05 17:20:45.400 [DEBU] {bc0816383911d617c78b9f6191c0f73a} [ 15 ms] [default] [think-sso] [rows:1  ] SELECT `id`,`name`,`avatar`,`phone`,`email`,`password`,`code`,`code_time`,`app_ids`,`create_time`,`update_time`,`delete_time` FROM `user` WHERE ((`email`='598586050@qq.com') AND (`password`='123456')) AND `delete_time` IS NULL LIMIT 1
2024-06-05 17:34:07.921 [DEBU] {20f58313f411d617c88b9f6157d422a3} [ 35 ms] [default] [think-sso] [rows:1  ] SELECT COUNT(1) FROM `user` WHERE (`email`='598586050@qq.com') AND `delete_time` IS NULL
2024-06-05 17:34:07.933 [DEBU] {20f58313f411d617c88b9f6157d422a3} [ 11 ms] [default] [think-sso] [rows:1  ] SELECT `id`,`name`,`avatar`,`phone`,`email`,`password`,`code`,`code_time`,`app_ids`,`create_time`,`update_time`,`delete_time` FROM `user` WHERE ((`email`='598586050@qq.com') AND (`password`='123456')) AND `delete_time` IS NULL LIMIT 1
2024-06-05 17:35:32.923 [DEBU] {384542de0712d617c0297e6b11db6801} [ 30 ms] [default] [think-sso] [rows:12 ] SHOW FULL COLUMNS FROM `user`
2024-06-05 17:35:32.935 [DEBU] {384542de0712d617c0297e6b11db6801} [ 11 ms] [default] [think-sso] [rows:1  ] SELECT COUNT(1) FROM `user` WHERE (`email`='598586050@qq.com') AND `delete_time` IS NULL
2024-06-05 17:35:32.941 [DEBU] {384542de0712d617c0297e6b11db6801} [  5 ms] [default] [think-sso] [rows:2  ] SHOW TABLES
2024-06-05 17:35:32.954 [DEBU] {384542de0712d617c0297e6b11db6801} [ 13 ms] [default] [think-sso] [rows:1  ] SELECT `id`,`name`,`avatar`,`phone`,`email`,`password`,`code`,`code_time`,`app_ids`,`create_time`,`update_time`,`delete_time` FROM `user` WHERE ((`email`='598586050@qq.com') AND (`password`='123456')) AND `delete_time` IS NULL LIMIT 1
2024-06-05 17:35:44.963 [DEBU] {781fe8ac0a12d617c1297e6b5ce5cbb5} [ 14 ms] [default] [think-sso] [rows:1  ] SELECT COUNT(1) FROM `user` WHERE (`email`='598586050@qq.com') AND `delete_time` IS NULL
2024-06-05 17:35:44.975 [DEBU] {781fe8ac0a12d617c1297e6b5ce5cbb5} [ 12 ms] [default] [think-sso] [rows:1  ] SELECT `id`,`name`,`avatar`,`phone`,`email`,`password`,`code`,`code_time`,`app_ids`,`create_time`,`update_time`,`delete_time` FROM `user` WHERE ((`email`='598586050@qq.com') AND (`password`='123456')) AND `delete_time` IS NULL LIMIT 1
2024-06-05 17:40:01.601 [DEBU] {8078546c4612d61756504c62137f02ef} [ 37 ms] [default] [think-sso] [rows:12 ] SHOW FULL COLUMNS FROM `user`
2024-06-05 17:40:01.617 [DEBU] {8078546c4612d61756504c62137f02ef} [ 14 ms] [default] [think-sso] [rows:1  ] SELECT COUNT(1) FROM `user` WHERE (`email`='598586050@qq.com') AND `delete_time` IS NULL
2024-06-05 17:40:01.624 [DEBU] {8078546c4612d61756504c62137f02ef} [  7 ms] [default] [think-sso] [rows:2  ] SHOW TABLES
2024-06-05 17:40:01.641 [DEBU] {8078546c4612d61756504c62137f02ef} [ 17 ms] [default] [think-sso] [rows:1  ] SELECT `id`,`name`,`avatar`,`phone`,`email`,`password`,`code`,`code_time`,`app_ids`,`create_time`,`update_time`,`delete_time` FROM `user` WHERE ((`email`='598586050@qq.com') AND (`password`='123456')) AND `delete_time` IS NULL LIMIT 1
