2024-06-12 16:10:47.128 [DEBU] {088dc1212d33d817314df7238ab3cd41} [238 ms] [default] [think-sso] [rows:12 ] SHOW FULL COLUMNS FROM `user`
2024-06-12 16:10:47.154 [DEBU] {088dc1212d33d817314df7238ab3cd41} [ 22 ms] [default] [think-sso] [rows:1  ] SELECT COUNT(1) FROM `user` WHERE (`email`='598586050@qq.com') AND `delete_time` IS NULL
2024-06-12 16:10:47.162 [DEBU] {088dc1212d33d817314df7238ab3cd41} [  7 ms] [default] [think-sso] [rows:2  ] SHOW TABLES
2024-06-12 16:10:47.174 [DEBU] {088dc1212d33d817314df7238ab3cd41} [ 12 ms] [default] [think-sso] [rows:1  ] SELECT `id`,`name`,`avatar`,`phone`,`email`,`password`,`code`,`code_time`,`app_ids`,`create_time`,`update_time`,`delete_time` FROM `user` WHERE ((`email`='598586050@qq.com') AND (`password`='f4cf0b5baf267c51857a67c3f00fcb39')) AND `delete_time` IS NULL LIMIT 1
2024-06-12 16:24:51.518 [DEBU] {940cee3d3c34d81726d745285709f886} [333 ms] [default] [think-sso] [rows:12 ] SHOW FULL COLUMNS FROM `user`
2024-06-12 16:24:51.531 [DEBU] {940cee3d3c34d81726d745285709f886} [ 12 ms] [default] [think-sso] [rows:1  ] SELECT COUNT(1) FROM `user` WHERE (`email`='598586050@qq.com') AND `delete_time` IS NULL
2024-06-12 16:24:51.539 [DEBU] {940cee3d3c34d81726d745285709f886} [  7 ms] [default] [think-sso] [rows:2  ] SHOW TABLES
2024-06-12 16:24:51.554 [DEBU] {940cee3d3c34d81726d745285709f886} [ 13 ms] [default] [think-sso] [rows:0  ] SELECT `id`,`name`,`avatar`,`phone`,`email`,`password`,`code`,`code_time`,`app_ids`,`create_time`,`update_time`,`delete_time` FROM `user` WHERE ((`email`='598586050@qq.com') AND (`password`='507c8fa6d729661fdac83e3512aeb0e7')) AND `delete_time` IS NULL LIMIT 1
2024-06-12 16:26:56.405 [DEBU] {0834f4565934d81727d745281938af28} [248 ms] [default] [think-sso] [rows:1  ] SELECT COUNT(1) FROM `user` WHERE (`email`='598586050@qq.com') AND `delete_time` IS NULL
2024-06-12 16:28:16.671 [DEBU] {0834f4565934d81727d745281938af28} [ 40 ms] [default] [think-sso] [rows:1  ] SELECT `id`,`name`,`avatar`,`phone`,`email`,`password`,`code`,`code_time`,`app_ids`,`create_time`,`update_time`,`delete_time` FROM `user` WHERE ((`email`='598586050@qq.com') AND (`password`='f4cf0b5baf267c51857a67c3f00fcb39')) AND `delete_time` IS NULL LIMIT 1
2024-06-12 16:28:45.498 [DEBU] {e4b076cb7234d81728d74528bfb63c08} [ 12 ms] [default] [think-sso] [rows:1  ] SELECT COUNT(1) FROM `user` WHERE (`email`='598586050@qq.com') AND `delete_time` IS NULL
2024-06-12 16:28:45.510 [DEBU] {e4b076cb7234d81728d74528bfb63c08} [ 11 ms] [default] [think-sso] [rows:1  ] SELECT `id`,`name`,`avatar`,`phone`,`email`,`password`,`code`,`code_time`,`app_ids`,`create_time`,`update_time`,`delete_time` FROM `user` WHERE ((`email`='598586050@qq.com') AND (`password`='f4cf0b5baf267c51857a67c3f00fcb39')) AND `delete_time` IS NULL LIMIT 1
2024-06-12 16:31:57.805 [DEBU] {c07250909f34d8172ed745280e01f7c2} [ 38 ms] [default] [think-sso] [rows:1  ] SELECT COUNT(1) FROM `user` WHERE (`email`='598586050@qq.com') AND `delete_time` IS NULL
2024-06-12 16:31:57.817 [DEBU] {c07250909f34d8172ed745280e01f7c2} [ 11 ms] [default] [think-sso] [rows:1  ] SELECT `id`,`name`,`avatar`,`phone`,`email`,`password`,`code`,`code_time`,`app_ids`,`create_time`,`update_time`,`delete_time` FROM `user` WHERE ((`email`='598586050@qq.com') AND (`password`='f4cf0b5baf267c51857a67c3f00fcb39')) AND `delete_time` IS NULL LIMIT 1
2024-06-12 16:49:28.435 [DEBU] {74745b2f9435d8176c9af24379e3d419} [ 27 ms] [default] [think-sso] [rows:12 ] SHOW FULL COLUMNS FROM `user`
2024-06-12 16:49:28.447 [DEBU] {74745b2f9435d8176c9af24379e3d419} [ 11 ms] [default] [think-sso] [rows:1  ] SELECT COUNT(1) FROM `user` WHERE (`email`='598586050@qq.com') AND `delete_time` IS NULL
2024-06-12 16:49:28.451 [DEBU] {74745b2f9435d8176c9af24379e3d419} [  4 ms] [default] [think-sso] [rows:2  ] SHOW TABLES
2024-06-12 16:49:28.465 [DEBU] {74745b2f9435d8176c9af24379e3d419} [ 13 ms] [default] [think-sso] [rows:1  ] SELECT `id`,`name`,`avatar`,`phone`,`email`,`password`,`code`,`code_time`,`app_ids`,`create_time`,`update_time`,`delete_time` FROM `user` WHERE ((`email`='598586050@qq.com') AND (`password`='f4cf0b5baf267c51857a67c3f00fcb39')) AND `delete_time` IS NULL LIMIT 1
2024-06-12 17:21:06.218 [DEBU] {1c48850a4e37d817719af243ea7d5937} [ 53 ms] [default] [think-sso] [rows:1  ] SELECT COUNT(1) FROM `user` WHERE (`email`='598586050@qq.com') AND `delete_time` IS NULL
2024-06-12 17:21:06.233 [DEBU] {1c48850a4e37d817719af243ea7d5937} [ 14 ms] [default] [think-sso] [rows:1  ] SELECT `id`,`name`,`avatar`,`phone`,`email`,`password`,`code`,`code_time`,`app_ids`,`create_time`,`update_time`,`delete_time` FROM `user` WHERE ((`email`='598586050@qq.com') AND (`password`='f4cf0b5baf267c51857a67c3f00fcb39')) AND `delete_time` IS NULL LIMIT 1
2024-06-12 17:24:00.769 [DEBU] {40a888af7637d8177f9af243c37bb0db} [ 36 ms] [default] [think-sso] [rows:1  ] SELECT COUNT(1) FROM `user` WHERE (`email`='598586050@qq.com') AND `delete_time` IS NULL
2024-06-12 17:24:00.782 [DEBU] {40a888af7637d8177f9af243c37bb0db} [ 13 ms] [default] [think-sso] [rows:1  ] SELECT `id`,`name`,`avatar`,`phone`,`email`,`password`,`code`,`code_time`,`app_ids`,`create_time`,`update_time`,`delete_time` FROM `user` WHERE ((`email`='598586050@qq.com') AND (`password`='f4cf0b5baf267c51857a67c3f00fcb39')) AND `delete_time` IS NULL LIMIT 1
2024-06-12 17:26:09.029 [DEBU] {f4a1538c9437d817859af2438b57ddbc} [ 38 ms] [default] [think-sso] [rows:1  ] SELECT COUNT(1) FROM `user` WHERE `delete_time` IS NULL
2024-06-12 17:26:09.035 [DEBU] {f4a1538c9437d817859af2438b57ddbc} [  5 ms] [default] [think-sso] [rows:1  ] SELECT `id`,`name`,`avatar`,`phone`,`email`,`app_ids`,`create_time`,`update_time` FROM `user` WHERE `delete_time` IS NULL LIMIT 0,10
2024-06-12 17:26:34.775 [DEBU] {88d69d8c9a37d817869af243800951cd} [  9 ms] [default] [think-sso] [rows:1  ] SELECT COUNT(1) FROM `user` WHERE (`email`='598586050@qq.com') AND `delete_time` IS NULL
2024-06-12 17:26:34.788 [DEBU] {88d69d8c9a37d817869af243800951cd} [ 12 ms] [default] [think-sso] [rows:1  ] SELECT `id`,`name`,`avatar`,`phone`,`email`,`password`,`code`,`code_time`,`app_ids`,`create_time`,`update_time`,`delete_time` FROM `user` WHERE ((`email`='598586050@qq.com') AND (`password`='f4cf0b5baf267c51857a67c3f00fcb39')) AND `delete_time` IS NULL LIMIT 1
2024-06-12 17:29:46.795 [DEBU] {40a42d40c737d8178a9af2431f9bed34} [ 38 ms] [default] [think-sso] [rows:1  ] SELECT COUNT(1) FROM `user` WHERE (`email`='598586050@qq.com') AND `delete_time` IS NULL
2024-06-12 17:29:46.806 [DEBU] {40a42d40c737d8178a9af2431f9bed34} [ 11 ms] [default] [think-sso] [rows:1  ] SELECT `id`,`name`,`avatar`,`phone`,`email`,`password`,`code`,`code_time`,`app_ids`,`create_time`,`update_time`,`delete_time` FROM `user` WHERE ((`email`='598586050@qq.com') AND (`password`='f4cf0b5baf267c51857a67c3f00fcb39')) AND `delete_time` IS NULL LIMIT 1
2024-06-12 17:38:54.632 [DEBU] {0c9733ce4638d8178f9af243671e8e5c} [ 31 ms] [default] [think-sso] [rows:1  ] SELECT COUNT(1) FROM `user` WHERE `delete_time` IS NULL
2024-06-12 17:38:54.640 [DEBU] {0c9733ce4638d8178f9af243671e8e5c} [  8 ms] [default] [think-sso] [rows:1  ] SELECT `id`,`name`,`avatar`,`phone`,`email`,`app_ids`,`create_time`,`update_time` FROM `user` WHERE `delete_time` IS NULL LIMIT 0,10
2024-06-12 17:39:21.024 [DEBU] {dc6c52f44c38d817909af24378f8ad2d} [ 14 ms] [default] [think-sso] [rows:1  ] SELECT COUNT(1) FROM `user` WHERE (`email`='598586050@qq.com') AND `delete_time` IS NULL
2024-06-12 17:39:21.038 [DEBU] {dc6c52f44c38d817909af24378f8ad2d} [ 13 ms] [default] [think-sso] [rows:1  ] SELECT `id`,`name`,`avatar`,`phone`,`email`,`password`,`code`,`code_time`,`app_ids`,`create_time`,`update_time`,`delete_time` FROM `user` WHERE ((`email`='598586050@qq.com') AND (`password`='f4cf0b5baf267c51857a67c3f00fcb39')) AND `delete_time` IS NULL LIMIT 1
2024-06-12 17:39:33.569 [DEBU] {fc8ba8de4f38d817949af24326f60cea} [ 37 ms] [default] [think-sso] [rows:1  ] SELECT COUNT(1) FROM `user` WHERE `delete_time` IS NULL
2024-06-12 17:39:33.577 [DEBU] {fc8ba8de4f38d817949af24326f60cea} [  7 ms] [default] [think-sso] [rows:1  ] SELECT `id`,`name`,`avatar`,`phone`,`email`,`app_ids`,`create_time`,`update_time` FROM `user` WHERE `delete_time` IS NULL LIMIT 0,10
2024-06-12 20:21:43.119 [DEBU] {78e170352941d817f8155c13cd970149} [ 31 ms] [default] [think-sso] [rows:12 ] SHOW FULL COLUMNS FROM `user`
2024-06-12 20:21:43.151 [DEBU] {78e170352941d817f8155c13cd970149} [ 30 ms] [default] [think-sso] [rows:1  ] SELECT COUNT(1) FROM `user` WHERE (`email`='598586050@qq.com') AND `delete_time` IS NULL
2024-06-12 20:21:43.157 [DEBU] {78e170352941d817f8155c13cd970149} [  5 ms] [default] [think-sso] [rows:2  ] SHOW TABLES
2024-06-12 20:21:43.170 [DEBU] {78e170352941d817f8155c13cd970149} [ 12 ms] [default] [think-sso] [rows:1  ] SELECT `id`,`name`,`avatar`,`phone`,`email`,`password`,`code`,`code_time`,`app_ids`,`create_time`,`update_time`,`delete_time` FROM `user` WHERE ((`email`='598586050@qq.com') AND (`password`='f4cf0b5baf267c51857a67c3f00fcb39')) AND `delete_time` IS NULL LIMIT 1
2024-06-12 20:21:43.179 [DEBU] {78e170352941d817f8155c13cd970149} [  8 ms] [default] [think-sso] [rows:8  ] SHOW FULL COLUMNS FROM `application`
2024-06-12 20:21:43.194 [DEBU] {78e170352941d817f8155c13cd970149} [ 15 ms] [default] [think-sso] [rows:1  ] SELECT `id`,`name`,`url` FROM `application` WHERE (id In('1')) AND `delete_time` IS NULL
