2024-06-13 10:32:48.008 [DEBU] {e88e91ac9a6fd817bc90b024fb67d271} [ 54 ms] [default] [think-sso] [rows:12 ] SHOW FULL COLUMNS FROM `user`
2024-06-13 10:32:48.026 [DEBU] {e88e91ac9a6fd817bc90b024fb67d271} [ 16 ms] [default] [think-sso] [rows:1  ] SELECT COUNT(1) FROM `user` WHERE (`email`='598586050@qq.com') AND `delete_time` IS NULL
2024-06-13 10:32:48.035 [DEBU] {e88e91ac9a6fd817bc90b024fb67d271} [  8 ms] [default] [think-sso] [rows:2  ] SHOW TABLES
2024-06-13 10:32:48.048 [DEBU] {e88e91ac9a6fd817bc90b024fb67d271} [ 12 ms] [default] [think-sso] [rows:1  ] SELECT `id`,`name`,`avatar`,`phone`,`email`,`app_ids`,`create_time`,`update_time` FROM `user` WHERE ((`email`='598586050@qq.com') AND (`password`='f4cf0b5baf267c51857a67c3f00fcb39')) AND `delete_time` IS NULL LIMIT 1
2024-06-13 10:41:10.200 [DEBU] {584bfc9a0f70d8172096c45d258a71ee} [ 30 ms] [default] [think-sso] [rows:12 ] SHOW FULL COLUMNS FROM `user`
2024-06-13 10:41:10.213 [DEBU] {584bfc9a0f70d8172096c45d258a71ee} [ 11 ms] [default] [think-sso] [rows:1  ] SELECT COUNT(1) FROM `user` WHERE (`email`='598586050@qq.com') AND `delete_time` IS NULL
2024-06-13 10:41:10.219 [DEBU] {584bfc9a0f70d8172096c45d258a71ee} [  6 ms] [default] [think-sso] [rows:2  ] SHOW TABLES
2024-06-13 10:41:10.231 [DEBU] {584bfc9a0f70d8172096c45d258a71ee} [ 11 ms] [default] [think-sso] [rows:1  ] SELECT `id`,`name`,`avatar`,`phone`,`email`,`app_ids`,`create_time`,`update_time` FROM `user` WHERE ((`email`='598586050@qq.com') AND (`password`='f4cf0b5baf267c51857a67c3f00fcb39')) AND `delete_time` IS NULL LIMIT 1
2024-06-13 10:41:10.239 [DEBU] {584bfc9a0f70d8172096c45d258a71ee} [  7 ms] [default] [think-sso] [rows:8  ] SHOW FULL COLUMNS FROM `application`
2024-06-13 10:41:10.251 [DEBU] {584bfc9a0f70d8172096c45d258a71ee} [ 12 ms] [default] [think-sso] [rows:1  ] SELECT `id`,`name`,`url` FROM `application` WHERE (id In('1')) AND `delete_time` IS NULL
2024-06-13 14:12:20.414 [DEBU] {105fde9c957bd8173ac4a346454200a9} [ 59 ms] [default] [think-sso] [rows:12 ] SHOW FULL COLUMNS FROM `user`
2024-06-13 14:12:20.437 [DEBU] {105fde9c957bd8173ac4a346454200a9} [ 21 ms] [default] [think-sso] [rows:1  ] SELECT COUNT(1) FROM `user` WHERE (`email`='598586050@qq.com') AND `delete_time` IS NULL
2024-06-13 14:12:20.444 [DEBU] {105fde9c957bd8173ac4a346454200a9} [  6 ms] [default] [think-sso] [rows:2  ] SHOW TABLES
2024-06-13 14:12:20.456 [DEBU] {105fde9c957bd8173ac4a346454200a9} [ 12 ms] [default] [think-sso] [rows:1  ] SELECT `id`,`name`,`avatar`,`phone`,`email`,`app_ids`,`create_time`,`update_time` FROM `user` WHERE ((`email`='598586050@qq.com') AND (`password`='f4cf0b5baf267c51857a67c3f00fcb39')) AND `delete_time` IS NULL LIMIT 1
2024-06-13 14:12:20.462 [DEBU] {105fde9c957bd8173ac4a346454200a9} [  5 ms] [default] [think-sso] [rows:8  ] SHOW FULL COLUMNS FROM `application`
2024-06-13 14:12:20.476 [DEBU] {105fde9c957bd8173ac4a346454200a9} [ 13 ms] [default] [think-sso] [rows:1  ] SELECT `id`,`name`,`url` FROM `application` WHERE (id In('1')) AND `delete_time` IS NULL
2024-06-13 14:12:20.504 [DEBU] {d0e507a5957bd8173bc4a346a2a06ff0} [ 12 ms] [default] [think-sso] [rows:1  ] SELECT `id`,`name`,`avatar`,`phone`,`email`,`app_ids`,`create_time`,`update_time` FROM `user` WHERE (`id`=1) AND `delete_time` IS NULL LIMIT 1
2024-06-13 14:12:20.515 [DEBU] {d0e507a5957bd8173bc4a346a2a06ff0} [ 11 ms] [default] [think-sso] [rows:1  ] SELECT `id`,`name`,`url` FROM `application` WHERE (id In('1')) AND `delete_time` IS NULL
2024-06-13 14:12:21.043 [DEBU] {147500c5957bd81793abf31e8d9f0951} [ 14 ms] [default] [think-sso] [rows:1  ] SELECT COUNT(1) FROM `application` WHERE (`app_id`='wx60adef96f04c9ed5') AND `delete_time` IS NULL
2024-06-13 14:12:21.058 [DEBU] {147500c5957bd81793abf31e8d9f0951} [ 15 ms] [default] [think-sso] [rows:1  ] SELECT COUNT(1) FROM `application` WHERE ((`app_id`='wx60adef96f04c9ed5') AND (`app_secret`='1cded5a39b1e4179406997a9b0388165')) AND `delete_time` IS NULL
2024-06-13 14:12:21.074 [DEBU] {147500c5957bd81793abf31e8d9f0951} [ 16 ms] [default] [think-sso] [rows:1  ] SELECT `id`,`name`,`url` FROM `application` WHERE ((`app_id`='wx60adef96f04c9ed5') AND (`app_secret`='1cded5a39b1e4179406997a9b0388165')) AND `delete_time` IS NULL LIMIT 1
2024-06-13 14:12:21.094 [DEBU] {147500c5957bd81793abf31e8d9f0951} [ 19 ms] [default] [think-sso] [rows:1  ] SELECT `id`,`name`,`avatar`,`phone`,`email`,`app_ids`,`create_time`,`update_time` FROM `user` WHERE (`id`=1) AND `delete_time` IS NULL LIMIT 1
2024-06-13 14:12:21.107 [DEBU] {147500c5957bd81793abf31e8d9f0951} [ 12 ms] [default] [think-sso] [rows:1  ] SELECT `id`,`name`,`url` FROM `application` WHERE (id In('1')) AND `delete_time` IS NULL
2024-06-13 14:12:21.130 [DEBU] {147500c5957bd81793abf31e8d9f0951} [ 21 ms] [default] [think-sso] [rows:1  ] SELECT `id`,`name`,`url` FROM `application` WHERE (id In('1')) AND `delete_time` IS NULL
2024-06-13 14:12:21.265 [DEBU] {24166fd2957bd81794abf31e0f89f1cb} [ 10 ms] [default] [think-sso] [rows:1  ] SELECT `id`,`name`,`avatar`,`phone`,`email`,`app_ids`,`create_time`,`update_time` FROM `user` WHERE (`id`=1) AND `delete_time` IS NULL LIMIT 1
2024-06-13 14:12:21.279 [DEBU] {24166fd2957bd81794abf31e0f89f1cb} [ 13 ms] [default] [think-sso] [rows:1  ] SELECT `id`,`name`,`url` FROM `application` WHERE (id In('1')) AND `delete_time` IS NULL
2024-06-13 14:25:14.428 [DEBU] {3c1c03d5497cd81740c4a3464559fc94} [ 37 ms] [default] [think-sso] [rows:1  ] SELECT COUNT(1) FROM `user` WHERE `delete_time` IS NULL
2024-06-13 14:25:14.433 [DEBU] {3c1c03d5497cd81740c4a3464559fc94} [  4 ms] [default] [think-sso] [rows:1  ] SELECT `id`,`name`,`avatar`,`phone`,`email`,`app_ids`,`create_time`,`update_time` FROM `user` WHERE `delete_time` IS NULL LIMIT 0,10
2024-06-13 14:27:56.497 [DEBU] {fcbca1916f7cd81741c4a34609afc31d} [ 28 ms] [default] [think-sso] [rows:1  ] SELECT COUNT(1) FROM `user` WHERE `delete_time` IS NULL
2024-06-13 14:27:56.713 [DEBU] {fcbca1916f7cd81741c4a34609afc31d} [214 ms] [default] [think-sso] [rows:1  ] SELECT `id`,`name`,`avatar`,`phone`,`email`,`app_ids`,`create_time`,`update_time` FROM `user` WHERE `delete_time` IS NULL LIMIT 0,10
2024-06-13 14:36:29.435 [DEBU] {54782bc3e67cd81745c4a34614f3e420} [1033 ms] [default] [think-sso] [rows:1  ] SELECT COUNT(1) FROM `user` WHERE (`email`='598586050@qq.com') AND `delete_time` IS NULL
2024-06-13 14:36:29.451 [DEBU] {54782bc3e67cd81745c4a34614f3e420} [ 16 ms] [default] [think-sso] [rows:1  ] SELECT `id`,`name`,`avatar`,`phone`,`email`,`app_ids`,`create_time`,`update_time` FROM `user` WHERE ((`email`='598586050@qq.com') AND (`password`='f4cf0b5baf267c51857a67c3f00fcb39')) AND `delete_time` IS NULL LIMIT 1
2024-06-13 14:36:29.461 [DEBU] {54782bc3e67cd81745c4a34614f3e420} [ 10 ms] [default] [think-sso] [rows:1  ] SELECT `id`,`name`,`url` FROM `application` WHERE (id In('1')) AND `delete_time` IS NULL
2024-06-13 14:36:29.482 [DEBU] {08b6fe02e77cd81746c4a346c7ff564d} [ 11 ms] [default] [think-sso] [rows:1  ] SELECT `id`,`name`,`avatar`,`phone`,`email`,`app_ids`,`create_time`,`update_time` FROM `user` WHERE (`id`=1) AND `delete_time` IS NULL LIMIT 1
2024-06-13 14:36:29.495 [DEBU] {08b6fe02e77cd81746c4a346c7ff564d} [ 12 ms] [default] [think-sso] [rows:1  ] SELECT `id`,`name`,`url` FROM `application` WHERE (id In('1')) AND `delete_time` IS NULL
2024-06-13 14:36:29.981 [DEBU] {a0689b20e77cd81796abf31eb33f718c} [ 12 ms] [default] [think-sso] [rows:1  ] SELECT COUNT(1) FROM `application` WHERE (`app_id`='wx60adef96f04c9ed5') AND `delete_time` IS NULL
2024-06-13 14:36:29.993 [DEBU] {a0689b20e77cd81796abf31eb33f718c} [ 11 ms] [default] [think-sso] [rows:1  ] SELECT COUNT(1) FROM `application` WHERE ((`app_id`='wx60adef96f04c9ed5') AND (`app_secret`='1cded5a39b1e4179406997a9b0388165')) AND `delete_time` IS NULL
2024-06-13 14:36:30.004 [DEBU] {a0689b20e77cd81796abf31eb33f718c} [ 10 ms] [default] [think-sso] [rows:1  ] SELECT `id`,`name`,`url` FROM `application` WHERE ((`app_id`='wx60adef96f04c9ed5') AND (`app_secret`='1cded5a39b1e4179406997a9b0388165')) AND `delete_time` IS NULL LIMIT 1
2024-06-13 14:36:30.016 [DEBU] {a0689b20e77cd81796abf31eb33f718c} [ 11 ms] [default] [think-sso] [rows:1  ] SELECT `id`,`name`,`avatar`,`phone`,`email`,`app_ids`,`create_time`,`update_time` FROM `user` WHERE (`id`=1) AND `delete_time` IS NULL LIMIT 1
2024-06-13 14:36:30.028 [DEBU] {a0689b20e77cd81796abf31eb33f718c} [ 12 ms] [default] [think-sso] [rows:1  ] SELECT `id`,`name`,`url` FROM `application` WHERE (id In('1')) AND `delete_time` IS NULL
2024-06-13 14:36:30.042 [DEBU] {a0689b20e77cd81796abf31eb33f718c} [ 14 ms] [default] [think-sso] [rows:1  ] SELECT `id`,`name`,`url` FROM `application` WHERE (id In('1')) AND `delete_time` IS NULL
2024-06-13 14:36:30.199 [DEBU] {04b06f2de77cd81797abf31e733a003a} [ 13 ms] [default] [think-sso] [rows:1  ] SELECT `id`,`name`,`avatar`,`phone`,`email`,`app_ids`,`create_time`,`update_time` FROM `user` WHERE (`id`=1) AND `delete_time` IS NULL LIMIT 1
2024-06-13 14:36:30.221 [DEBU] {04b06f2de77cd81797abf31e733a003a} [ 21 ms] [default] [think-sso] [rows:1  ] SELECT `id`,`name`,`url` FROM `application` WHERE (id In('1')) AND `delete_time` IS NULL
2024-06-13 14:36:31.318 [DEBU] {a0ad4c70e77cd81798abf31e6eb45daa} [ 11 ms] [default] [think-sso] [rows:1  ] SELECT `id`,`name`,`avatar`,`phone`,`email`,`app_ids`,`create_time`,`update_time` FROM `user` WHERE (`id`=1) AND `delete_time` IS NULL LIMIT 1
2024-06-13 14:36:31.326 [DEBU] {a0ad4c70e77cd81798abf31e6eb45daa} [  8 ms] [default] [think-sso] [rows:1  ] SELECT `id`,`name`,`url` FROM `application` WHERE (id In('1')) AND `delete_time` IS NULL
2024-06-13 14:43:10.663 [DEBU] {d8429269447dd81750c4a3462e4ca30c} [ 39 ms] [default] [think-sso] [rows:1  ] SELECT COUNT(1) FROM `user` WHERE (`email`='598586050@qq.com') AND `delete_time` IS NULL
2024-06-13 14:43:10.681 [DEBU] {d8429269447dd81750c4a3462e4ca30c} [ 17 ms] [default] [think-sso] [rows:1  ] SELECT `id`,`name`,`avatar`,`phone`,`email`,`app_ids`,`create_time`,`update_time` FROM `user` WHERE ((`email`='598586050@qq.com') AND (`password`='f4cf0b5baf267c51857a67c3f00fcb39')) AND `delete_time` IS NULL LIMIT 1
2024-06-13 14:43:10.691 [DEBU] {d8429269447dd81750c4a3462e4ca30c} [  9 ms] [default] [think-sso] [rows:1  ] SELECT `id`,`name`,`url` FROM `application` WHERE (id In('1')) AND `delete_time` IS NULL
2024-06-13 14:43:10.714 [DEBU] {949a386e447dd81751c4a346952db3b7} [ 11 ms] [default] [think-sso] [rows:1  ] SELECT `id`,`name`,`avatar`,`phone`,`email`,`app_ids`,`create_time`,`update_time` FROM `user` WHERE (`id`=1) AND `delete_time` IS NULL LIMIT 1
2024-06-13 14:43:10.725 [DEBU] {949a386e447dd81751c4a346952db3b7} [ 10 ms] [default] [think-sso] [rows:1  ] SELECT `id`,`name`,`url` FROM `application` WHERE (id In('1')) AND `delete_time` IS NULL
2024-06-13 14:43:11.191 [DEBU] {88c57f8a447dd8177c57da20756ada69} [ 13 ms] [default] [think-sso] [rows:1  ] SELECT COUNT(1) FROM `application` WHERE (`app_id`='wx60adef96f04c9ed5') AND `delete_time` IS NULL
2024-06-13 14:43:11.202 [DEBU] {88c57f8a447dd8177c57da20756ada69} [ 10 ms] [default] [think-sso] [rows:1  ] SELECT COUNT(1) FROM `application` WHERE ((`app_id`='wx60adef96f04c9ed5') AND (`app_secret`='1cded5a39b1e4179406997a9b0388165')) AND `delete_time` IS NULL
2024-06-13 14:43:11.212 [DEBU] {88c57f8a447dd8177c57da20756ada69} [ 10 ms] [default] [think-sso] [rows:1  ] SELECT `id`,`name`,`url` FROM `application` WHERE ((`app_id`='wx60adef96f04c9ed5') AND (`app_secret`='1cded5a39b1e4179406997a9b0388165')) AND `delete_time` IS NULL LIMIT 1
2024-06-13 14:43:11.223 [DEBU] {88c57f8a447dd8177c57da20756ada69} [ 10 ms] [default] [think-sso] [rows:1  ] SELECT `id`,`name`,`avatar`,`phone`,`email`,`app_ids`,`create_time`,`update_time` FROM `user` WHERE (`id`=1) AND `delete_time` IS NULL LIMIT 1
2024-06-13 14:43:11.233 [DEBU] {88c57f8a447dd8177c57da20756ada69} [ 10 ms] [default] [think-sso] [rows:1  ] SELECT `id`,`name`,`url` FROM `application` WHERE (id In('1')) AND `delete_time` IS NULL
2024-06-13 14:43:11.243 [DEBU] {88c57f8a447dd8177c57da20756ada69} [ 10 ms] [default] [think-sso] [rows:1  ] SELECT `id`,`name`,`url` FROM `application` WHERE (id In('1')) AND `delete_time` IS NULL
2024-06-13 14:43:11.417 [DEBU] {98d82698447dd8177d57da20386989df} [ 10 ms] [default] [think-sso] [rows:1  ] SELECT `id`,`name`,`avatar`,`phone`,`email`,`app_ids`,`create_time`,`update_time` FROM `user` WHERE (`id`=1) AND `delete_time` IS NULL LIMIT 1
2024-06-13 14:43:11.428 [DEBU] {98d82698447dd8177d57da20386989df} [ 11 ms] [default] [think-sso] [rows:1  ] SELECT `id`,`name`,`url` FROM `application` WHERE (id In('1')) AND `delete_time` IS NULL
2024-06-13 14:43:12.531 [DEBU] {4c8d6cda447dd8177e57da208d6a044a} [ 11 ms] [default] [think-sso] [rows:1  ] SELECT `id`,`name`,`avatar`,`phone`,`email`,`app_ids`,`create_time`,`update_time` FROM `user` WHERE (`id`=1) AND `delete_time` IS NULL LIMIT 1
2024-06-13 14:43:12.542 [DEBU] {4c8d6cda447dd8177e57da208d6a044a} [ 11 ms] [default] [think-sso] [rows:1  ] SELECT `id`,`name`,`url` FROM `application` WHERE (id In('1')) AND `delete_time` IS NULL
2024-06-13 14:43:16.886 [DEBU] {44dc11de457dd8177f57da20f0f08e3c} [ 10 ms] [default] [think-sso] [rows:1  ] SELECT `id`,`name`,`avatar`,`phone`,`email`,`app_ids`,`create_time`,`update_time` FROM `user` WHERE (`id`=1) AND `delete_time` IS NULL LIMIT 1
2024-06-13 14:43:16.899 [DEBU] {44dc11de457dd8177f57da20f0f08e3c} [ 12 ms] [default] [think-sso] [rows:1  ] SELECT `id`,`name`,`url` FROM `application` WHERE (id In('1')) AND `delete_time` IS NULL
2024-06-13 14:53:18.132 [DEBU] {507d04dad17dd8175fc4a34668dde813} [ 31 ms] [default] [think-sso] [rows:1  ] SELECT COUNT(1) FROM `user` WHERE (`email`='598586050@qq.com') AND `delete_time` IS NULL
2024-06-13 14:53:18.145 [DEBU] {507d04dad17dd8175fc4a34668dde813} [ 12 ms] [default] [think-sso] [rows:1  ] SELECT `id`,`name`,`avatar`,`phone`,`email`,`app_ids`,`create_time`,`update_time` FROM `user` WHERE ((`email`='598586050@qq.com') AND (`password`='f4cf0b5baf267c51857a67c3f00fcb39')) AND `delete_time` IS NULL LIMIT 1
2024-06-13 14:53:18.159 [DEBU] {507d04dad17dd8175fc4a34668dde813} [ 14 ms] [default] [think-sso] [rows:1  ] SELECT `id`,`name`,`url` FROM `application` WHERE (id In('1')) AND `delete_time` IS NULL
2024-06-13 14:53:18.186 [DEBU] {707a38ded17dd81760c4a34686b82567} [ 13 ms] [default] [think-sso] [rows:1  ] SELECT `id`,`name`,`avatar`,`phone`,`email`,`app_ids`,`create_time`,`update_time` FROM `user` WHERE (`id`=1) AND `delete_time` IS NULL LIMIT 1
2024-06-13 14:53:18.197 [DEBU] {707a38ded17dd81760c4a34686b82567} [ 10 ms] [default] [think-sso] [rows:1  ] SELECT `id`,`name`,`url` FROM `application` WHERE (id In('1')) AND `delete_time` IS NULL
2024-06-13 14:53:18.654 [DEBU] {dcc451fad17dd8178157da20f304bc8a} [ 10 ms] [default] [think-sso] [rows:1  ] SELECT COUNT(1) FROM `application` WHERE (`app_id`='wx60adef96f04c9ed5') AND `delete_time` IS NULL
2024-06-13 14:53:18.670 [DEBU] {dcc451fad17dd8178157da20f304bc8a} [ 15 ms] [default] [think-sso] [rows:1  ] SELECT COUNT(1) FROM `application` WHERE ((`app_id`='wx60adef96f04c9ed5') AND (`app_secret`='1cded5a39b1e4179406997a9b0388165')) AND `delete_time` IS NULL
2024-06-13 14:53:18.683 [DEBU] {dcc451fad17dd8178157da20f304bc8a} [ 12 ms] [default] [think-sso] [rows:1  ] SELECT `id`,`name`,`url` FROM `application` WHERE ((`app_id`='wx60adef96f04c9ed5') AND (`app_secret`='1cded5a39b1e4179406997a9b0388165')) AND `delete_time` IS NULL LIMIT 1
2024-06-13 14:53:18.698 [DEBU] {dcc451fad17dd8178157da20f304bc8a} [ 14 ms] [default] [think-sso] [rows:1  ] SELECT `id`,`name`,`avatar`,`phone`,`email`,`app_ids`,`create_time`,`update_time` FROM `user` WHERE (`id`=1) AND `delete_time` IS NULL LIMIT 1
2024-06-13 14:53:18.718 [DEBU] {dcc451fad17dd8178157da20f304bc8a} [ 20 ms] [default] [think-sso] [rows:1  ] SELECT `id`,`name`,`url` FROM `application` WHERE (id In('1')) AND `delete_time` IS NULL
2024-06-13 14:53:18.733 [DEBU] {dcc451fad17dd8178157da20f304bc8a} [ 13 ms] [default] [think-sso] [rows:1  ] SELECT `id`,`name`,`url` FROM `application` WHERE (id In('1')) AND `delete_time` IS NULL
2024-06-13 14:53:18.884 [DEBU] {94a7d607d27dd8178257da20178e3471} [ 12 ms] [default] [think-sso] [rows:1  ] SELECT `id`,`name`,`avatar`,`phone`,`email`,`app_ids`,`create_time`,`update_time` FROM `user` WHERE (`id`=1) AND `delete_time` IS NULL LIMIT 1
2024-06-13 14:53:18.903 [DEBU] {94a7d607d27dd8178257da20178e3471} [ 19 ms] [default] [think-sso] [rows:1  ] SELECT `id`,`name`,`url` FROM `application` WHERE (id In('1')) AND `delete_time` IS NULL
2024-06-13 14:53:20.000 [DEBU] {0894654ad27dd8178357da20304e9d34} [ 12 ms] [default] [think-sso] [rows:1  ] SELECT `id`,`name`,`avatar`,`phone`,`email`,`app_ids`,`create_time`,`update_time` FROM `user` WHERE (`id`=1) AND `delete_time` IS NULL LIMIT 1
2024-06-13 14:53:20.010 [DEBU] {0894654ad27dd8178357da20304e9d34} [ 10 ms] [default] [think-sso] [rows:1  ] SELECT `id`,`name`,`url` FROM `application` WHERE (id In('1')) AND `delete_time` IS NULL
2024-06-13 14:59:20.360 [DEBU] {4ce66230267ed8176cc4a346b0e99848} [ 32 ms] [default] [think-sso] [rows:1  ] SELECT COUNT(1) FROM `user` WHERE (`email`='598586050@qq.com') AND `delete_time` IS NULL
2024-06-13 14:59:20.371 [DEBU] {4ce66230267ed8176cc4a346b0e99848} [ 11 ms] [default] [think-sso] [rows:1  ] SELECT `id`,`name`,`avatar`,`phone`,`email`,`app_ids`,`create_time`,`update_time` FROM `user` WHERE ((`email`='598586050@qq.com') AND (`password`='f4cf0b5baf267c51857a67c3f00fcb39')) AND `delete_time` IS NULL LIMIT 1
2024-06-13 14:59:20.382 [DEBU] {4ce66230267ed8176cc4a346b0e99848} [ 10 ms] [default] [think-sso] [rows:1  ] SELECT `id`,`name`,`url` FROM `application` WHERE (id In('1')) AND `delete_time` IS NULL
2024-06-13 14:59:20.410 [DEBU] {a456a534267ed8176dc4a346d6751fb6} [ 10 ms] [default] [think-sso] [rows:1  ] SELECT `id`,`name`,`avatar`,`phone`,`email`,`app_ids`,`create_time`,`update_time` FROM `user` WHERE (`id`=1) AND `delete_time` IS NULL LIMIT 1
2024-06-13 14:59:20.423 [DEBU] {a456a534267ed8176dc4a346d6751fb6} [ 12 ms] [default] [think-sso] [rows:1  ] SELECT `id`,`name`,`url` FROM `application` WHERE (id In('1')) AND `delete_time` IS NULL
2024-06-13 14:59:20.466 [DEBU] {24ea5138267ed8176ec4a3460e881ea4} [  5 ms] [default] [think-sso] [rows:1  ] SELECT COUNT(1) FROM `user` WHERE `delete_time` IS NULL
2024-06-13 14:59:20.472 [DEBU] {24ea5138267ed8176ec4a3460e881ea4} [  5 ms] [default] [think-sso] [rows:1  ] SELECT `id`,`name`,`avatar`,`phone`,`email`,`app_ids`,`create_time`,`update_time` FROM `user` WHERE `delete_time` IS NULL LIMIT 0,10
2024-06-13 14:59:26.961 [DEBU] {f437abba277ed8178557da207a4dbded} [ 18 ms] [default] [think-sso] [rows:1  ] SELECT COUNT(1) FROM `application` WHERE (`app_id`='wx60adef96f04c9ed5') AND `delete_time` IS NULL
2024-06-13 14:59:26.974 [DEBU] {f437abba277ed8178557da207a4dbded} [ 12 ms] [default] [think-sso] [rows:1  ] SELECT COUNT(1) FROM `application` WHERE ((`app_id`='wx60adef96f04c9ed5') AND (`app_secret`='1cded5a39b1e4179406997a9b0388165')) AND `delete_time` IS NULL
2024-06-13 14:59:26.989 [DEBU] {f437abba277ed8178557da207a4dbded} [ 14 ms] [default] [think-sso] [rows:1  ] SELECT `id`,`name`,`url` FROM `application` WHERE ((`app_id`='wx60adef96f04c9ed5') AND (`app_secret`='1cded5a39b1e4179406997a9b0388165')) AND `delete_time` IS NULL LIMIT 1
2024-06-13 14:59:27.005 [DEBU] {f437abba277ed8178557da207a4dbded} [ 15 ms] [default] [think-sso] [rows:1  ] SELECT `id`,`name`,`avatar`,`phone`,`email`,`app_ids`,`create_time`,`update_time` FROM `user` WHERE (`id`=1) AND `delete_time` IS NULL LIMIT 1
2024-06-13 14:59:27.017 [DEBU] {f437abba277ed8178557da207a4dbded} [ 12 ms] [default] [think-sso] [rows:1  ] SELECT `id`,`name`,`url` FROM `application` WHERE (id In('1')) AND `delete_time` IS NULL
2024-06-13 14:59:27.029 [DEBU] {f437abba277ed8178557da207a4dbded} [ 11 ms] [default] [think-sso] [rows:1  ] SELECT `id`,`name`,`url` FROM `application` WHERE (id In('1')) AND `delete_time` IS NULL
2024-06-13 14:59:27.185 [DEBU] {58034bc8277ed8178657da20a5dd7fa6} [ 12 ms] [default] [think-sso] [rows:1  ] SELECT `id`,`name`,`avatar`,`phone`,`email`,`app_ids`,`create_time`,`update_time` FROM `user` WHERE (`id`=1) AND `delete_time` IS NULL LIMIT 1
2024-06-13 14:59:27.198 [DEBU] {58034bc8277ed8178657da20a5dd7fa6} [ 12 ms] [default] [think-sso] [rows:1  ] SELECT `id`,`name`,`url` FROM `application` WHERE (id In('1')) AND `delete_time` IS NULL
2024-06-13 14:59:28.312 [DEBU] {08496c0b287ed8178757da20fcec8b9a} [ 12 ms] [default] [think-sso] [rows:1  ] SELECT `id`,`name`,`avatar`,`phone`,`email`,`app_ids`,`create_time`,`update_time` FROM `user` WHERE (`id`=1) AND `delete_time` IS NULL LIMIT 1
2024-06-13 14:59:28.324 [DEBU] {08496c0b287ed8178757da20fcec8b9a} [ 10 ms] [default] [think-sso] [rows:1  ] SELECT `id`,`name`,`url` FROM `application` WHERE (id In('1')) AND `delete_time` IS NULL
2024-06-13 14:59:54.322 [DEBU] {f09bcd182e7ed81775c4a3469b81128d} [ 30 ms] [default] [think-sso] [rows:1  ] SELECT COUNT(1) FROM `user` WHERE `delete_time` IS NULL
