2024-06-04 11:29:02.650 [DEBU] {dc4b21246eafd51797a6f00866a44cd9} [22148 ms] [default] [think-sso] [rows:11 ] SHOW FULL COLUMNS FROM `user`
2024-06-04 11:29:02.683 [DEBU] {dc4b21246eafd51797a6f00866a44cd9} [ 26 ms] [default] [think-sso] [rows:1  ] SELECT COUNT(1) FROM `user` WHERE (`email`='598586050@qq.com') AND `delete_time` IS NULL
2024-06-04 11:29:02.689 [DEBU] {dc4b21246eafd51797a6f00866a44cd9} [  5 ms] [default] [think-sso] [rows:2  ] SHOW TABLES
2024-06-04 11:29:03.329 [DEBU] {dc4b21246eafd51797a6f00866a44cd9} [637 ms] [default] [think-sso] [rows:0  ] SELECT `id`,`name`,`phone`,`email`,`password`,`code`,`code_time`,`appids`,`create_time`,`update_time`,`delete_time` FROM `user` WHERE ((`email`='598586050@qq.com') AND (`password`='1234569')) AND `delete_time` IS NULL LIMIT 1
2024-06-04 11:29:50.114 [DEBU] {b09cd20b7eafd517b0e2992452381500} [1302 ms] [default] [think-sso] [rows:11 ] SHOW FULL COLUMNS FROM `user`
2024-06-04 11:29:50.344 [DEBU] {b09cd20b7eafd517b0e2992452381500} [226 ms] [default] [think-sso] [rows:1  ] SELECT COUNT(1) FROM `user` WHERE (`email`='598586050@qq.com') AND `delete_time` IS NULL
2024-06-04 11:29:50.354 [DEBU] {b09cd20b7eafd517b0e2992452381500} [  7 ms] [default] [think-sso] [rows:2  ] SHOW TABLES
2024-06-04 11:29:50.371 [DEBU] {b09cd20b7eafd517b0e2992452381500} [ 15 ms] [default] [think-sso] [rows:0  ] SELECT `id`,`name`,`phone`,`email`,`password`,`code`,`code_time`,`appids`,`create_time`,`update_time`,`delete_time` FROM `user` WHERE ((`email`='598586050@qq.com') AND (`password`='1234569')) AND `delete_time` IS NULL LIMIT 1
2024-06-04 14:37:30.917 [DEBU] {f0070d2ebcb9d517caf6be4bc456a1a6} [127 ms] [default] [think-sso] [rows:11 ] SHOW FULL COLUMNS FROM `user`
2024-06-04 14:37:30.927 [DEBU] {f0070d2ebcb9d517caf6be4bc456a1a6} [  8 ms] [default] [think-sso] [rows:1  ] SELECT COUNT(1) FROM `user` WHERE `delete_time` IS NULL
2024-06-04 14:40:05.819 [DEBU] {b4277b44e0b9d5176ee99e4de172a3ca} [ 34 ms] [default] [think-sso] [rows:11 ] SHOW FULL COLUMNS FROM `user`
2024-06-04 14:40:05.825 [DEBU] {b4277b44e0b9d5176ee99e4de172a3ca} [  5 ms] [default] [think-sso] [rows:1  ] SELECT COUNT(1) FROM `user` WHERE `delete_time` IS NULL
2024-06-04 14:40:05.832 [DEBU] {b4277b44e0b9d5176ee99e4de172a3ca} [  6 ms] [default] [think-sso] [rows:2  ] SHOW TABLES
2024-06-04 14:40:05.840 [DEBU] {b4277b44e0b9d5176ee99e4de172a3ca} [  7 ms] [default] [think-sso] [rows:1  ] SELECT `id`,`name`,`phone`,`email`,`app_ids`,`create_time`,`update_time` FROM `user` WHERE `delete_time` IS NULL LIMIT 0,10
2024-06-04 14:44:48.442 [DEBU] {143eff1122bad517db03b9018a61a4bc} [ 34 ms] [default] [think-sso] [rows:11 ] SHOW FULL COLUMNS FROM `user`
2024-06-04 14:44:48.451 [DEBU] {143eff1122bad517db03b9018a61a4bc} [  7 ms] [default] [think-sso] [rows:1  ] SELECT COUNT(1) FROM `user` WHERE `delete_time` IS NULL
2024-06-04 14:44:48.458 [DEBU] {143eff1122bad517db03b9018a61a4bc} [  7 ms] [default] [think-sso] [rows:2  ] SHOW TABLES
2024-06-04 14:44:48.464 [DEBU] {143eff1122bad517db03b9018a61a4bc} [  6 ms] [default] [think-sso] [rows:1  ] SELECT `id`,`name`,`phone`,`email`,`app_ids`,`create_time`,`update_time` FROM `user` WHERE `delete_time` IS NULL LIMIT 0,10
2024-06-04 14:52:04.793 [DEBU] {980dc1aa87bad517554b490a05ca876f} [ 32 ms] [default] [think-sso] [rows:11 ] SHOW FULL COLUMNS FROM `user`
2024-06-04 14:52:04.800 [DEBU] {980dc1aa87bad517554b490a05ca876f} [  6 ms] [default] [think-sso] [rows:1  ] SELECT COUNT(1) FROM `user` WHERE `delete_time` IS NULL
2024-06-04 14:52:04.807 [DEBU] {980dc1aa87bad517554b490a05ca876f} [  6 ms] [default] [think-sso] [rows:2  ] SHOW TABLES
2024-06-04 14:52:04.814 [DEBU] {980dc1aa87bad517554b490a05ca876f} [  6 ms] [default] [think-sso] [rows:1  ] SELECT `id`,`name`,`phone`,`email`,`app_ids`,`create_time`,`update_time` FROM `user` WHERE `delete_time` IS NULL LIMIT 0,10
2024-06-04 15:06:45.680 [DEBU] {085c21c354bbd517bb165329de9c75c1} [ 42 ms] [default] [think-sso] [rows:11 ] SHOW FULL COLUMNS FROM `user`
2024-06-04 15:06:45.698 [DEBU] {085c21c354bbd517bb165329de9c75c1} [ 16 ms] [default] [think-sso] [rows:1  ] SELECT COUNT(1) FROM `user` WHERE `delete_time` IS NULL
2024-06-04 15:06:45.715 [DEBU] {085c21c354bbd517bb165329de9c75c1} [ 16 ms] [default] [think-sso] [rows:2  ] SHOW TABLES
2024-06-04 15:06:45.724 [DEBU] {085c21c354bbd517bb165329de9c75c1} [  8 ms] [default] [think-sso] [rows:1  ] SELECT `id`,`name`,`phone`,`email`,`app_ids`,`create_time`,`update_time` FROM `user` WHERE `delete_time` IS NULL LIMIT 0,10
2024-06-04 15:08:14.816 [DEBU] {1c746a8469bbd5171953050049d30e40} [ 36 ms] [default] [think-sso] [rows:11 ] SHOW FULL COLUMNS FROM `user`
2024-06-04 15:08:14.823 [DEBU] {1c746a8469bbd5171953050049d30e40} [  6 ms] [default] [think-sso] [rows:1  ] SELECT COUNT(1) FROM `user` WHERE `delete_time` IS NULL
2024-06-04 15:08:14.831 [DEBU] {1c746a8469bbd5171953050049d30e40} [  7 ms] [default] [think-sso] [rows:2  ] SHOW TABLES
2024-06-04 15:08:14.838 [DEBU] {1c746a8469bbd5171953050049d30e40} [  6 ms] [default] [think-sso] [rows:1  ] SELECT `id`,`name`,`phone`,`email`,`app_ids`,`create_time`,`update_time` FROM `user` WHERE `delete_time` IS NULL LIMIT 0,10
2024-06-04 15:16:32.652 [DEBU] {9c84d16dddbbd517b1b65b160831422a} [ 35 ms] [default] [think-sso] [rows:11 ] SHOW FULL COLUMNS FROM `user`
2024-06-04 15:16:32.663 [DEBU] {9c84d16dddbbd517b1b65b160831422a} [  8 ms] [default] [think-sso] [rows:1  ] SELECT COUNT(1) FROM `user` WHERE `delete_time` IS NULL
2024-06-04 15:16:32.671 [DEBU] {9c84d16dddbbd517b1b65b160831422a} [  7 ms] [default] [think-sso] [rows:2  ] SHOW TABLES
2024-06-04 15:16:32.679 [DEBU] {9c84d16dddbbd517b1b65b160831422a} [  7 ms] [default] [think-sso] [rows:1  ] SELECT `id`,`name`,`phone`,`email`,`app_ids`,`create_time`,`update_time` FROM `user` WHERE `delete_time` IS NULL LIMIT 0,10
2024-06-04 15:22:39.336 [DEBU] {745ed3cd32bcd51707025f7a3c6c8876} [ 35 ms] [default] [think-sso] [rows:11 ] SHOW FULL COLUMNS FROM `user`
2024-06-04 15:22:39.350 [DEBU] {745ed3cd32bcd51707025f7a3c6c8876} [ 13 ms] [default] [think-sso] [rows:1  ] SELECT COUNT(1) FROM `user` WHERE (`email`='598586050@qq.com') AND `delete_time` IS NULL
2024-06-04 15:22:39.359 [DEBU] {745ed3cd32bcd51707025f7a3c6c8876} [  9 ms] [default] [think-sso] [rows:2  ] SHOW TABLES
2024-06-04 15:22:39.373 [DEBU] {745ed3cd32bcd51707025f7a3c6c8876} [ 13 ms] [default] [think-sso] [rows:0  ] SELECT `id`,`name`,`phone`,`email`,`password`,`code`,`code_time`,`app_ids`,`create_time`,`update_time`,`delete_time` FROM `user` WHERE ((`email`='598586050@qq.com') AND (`password`='1234569')) AND `delete_time` IS NULL LIMIT 1
2024-06-04 15:22:45.136 [DEBU] {3008f82834bcd51708025f7a76a863c7} [ 12 ms] [default] [think-sso] [rows:1  ] SELECT COUNT(1) FROM `user` WHERE (`email`='598586050@qq.com') AND `delete_time` IS NULL
2024-06-04 15:22:45.149 [DEBU] {3008f82834bcd51708025f7a76a863c7} [ 12 ms] [default] [think-sso] [rows:1  ] SELECT `id`,`name`,`phone`,`email`,`password`,`code`,`code_time`,`app_ids`,`create_time`,`update_time`,`delete_time` FROM `user` WHERE ((`email`='598586050@qq.com') AND (`password`='123456')) AND `delete_time` IS NULL LIMIT 1
2024-06-04 15:22:54.403 [DEBU] {d4163e5136bcd51709025f7a6df3a29e} [ 15 ms] [default] [think-sso] [rows:1  ] SELECT COUNT(1) FROM `user` WHERE (`email`='598586050@qq.com3') AND `delete_time` IS NULL
2024-06-04 15:22:54.420 [DEBU] {d4163e5136bcd51709025f7a6df3a29e} [ 17 ms] [default] [think-sso] [rows:0  ] SELECT `id`,`name`,`phone`,`email`,`password`,`code`,`code_time`,`app_ids`,`create_time`,`update_time`,`delete_time` FROM `user` WHERE ((`email`='598586050@qq.com3') AND (`password`='123456')) AND `delete_time` IS NULL LIMIT 1
2024-06-04 15:23:46.665 [DEBU] {2056f57a42bcd5170a025f7a19d8fbfe} [ 36 ms] [default] [think-sso] [rows:1  ] SELECT COUNT(1) FROM `user` WHERE (`email`='598586050@qq.com3') AND `delete_time` IS NULL
2024-06-04 15:24:03.593 [DEBU] {2056f57a42bcd5170a025f7a19d8fbfe} [ 12 ms] [default] [think-sso] [rows:0  ] SELECT `id`,`name`,`phone`,`email`,`password`,`code`,`code_time`,`app_ids`,`create_time`,`update_time`,`delete_time` FROM `user` WHERE ((`email`='598586050@qq.com3') AND (`password`='123456')) AND `delete_time` IS NULL LIMIT 1
2024-06-04 17:43:22.590 [DEBU] {b82327a7e0c3d517beca762ca522e46e} [ 33 ms] [default] [think-sso] [rows:11 ] SHOW FULL COLUMNS FROM `user`
2024-06-04 17:43:22.604 [DEBU] {b82327a7e0c3d517beca762ca522e46e} [ 13 ms] [default] [think-sso] [rows:1  ] SELECT COUNT(1) FROM `user` WHERE (`email`='598586050@qq.com') AND `delete_time` IS NULL
2024-06-04 17:43:22.611 [DEBU] {b82327a7e0c3d517beca762ca522e46e} [  6 ms] [default] [think-sso] [rows:2  ] SHOW TABLES
2024-06-04 17:43:22.624 [DEBU] {b82327a7e0c3d517beca762ca522e46e} [ 12 ms] [default] [think-sso] [rows:1  ] SELECT `id`,`name`,`phone`,`email`,`password`,`code`,`code_time`,`app_ids`,`create_time`,`update_time`,`delete_time` FROM `user` WHERE ((`email`='598586050@qq.com') AND (`password`='123456')) AND `delete_time` IS NULL LIMIT 1
2024-06-04 17:46:58.226 [DEBU] {401c0ddc12c4d51712bd5a4d643f4fcb} [ 32 ms] [default] [think-sso] [rows:11 ] SHOW FULL COLUMNS FROM `user`
2024-06-04 17:46:58.449 [DEBU] {401c0ddc12c4d51712bd5a4d643f4fcb} [221 ms] [default] [think-sso] [rows:1  ] SELECT COUNT(1) FROM `user` WHERE (`email`='598586050@qq.com') AND `delete_time` IS NULL
2024-06-04 17:46:58.455 [DEBU] {401c0ddc12c4d51712bd5a4d643f4fcb} [  6 ms] [default] [think-sso] [rows:2  ] SHOW TABLES
2024-06-04 17:46:58.469 [DEBU] {401c0ddc12c4d51712bd5a4d643f4fcb} [ 14 ms] [default] [think-sso] [rows:1  ] SELECT `id`,`name`,`phone`,`email`,`password`,`code`,`code_time`,`app_ids`,`create_time`,`update_time`,`delete_time` FROM `user` WHERE ((`email`='598586050@qq.com') AND (`password`='123456')) AND `delete_time` IS NULL LIMIT 1
2024-06-04 17:47:49.998 [DEBU] {cc596be91ec4d51709aa06713d2e0c2d} [ 41 ms] [default] [think-sso] [rows:11 ] SHOW FULL COLUMNS FROM `user`
2024-06-04 17:47:50.015 [DEBU] {cc596be91ec4d51709aa06713d2e0c2d} [ 15 ms] [default] [think-sso] [rows:1  ] SELECT COUNT(1) FROM `user` WHERE (`email`='598586050@qq.com') AND `delete_time` IS NULL
2024-06-04 17:47:50.030 [DEBU] {cc596be91ec4d51709aa06713d2e0c2d} [ 14 ms] [default] [think-sso] [rows:2  ] SHOW TABLES
2024-06-04 17:47:50.047 [DEBU] {cc596be91ec4d51709aa06713d2e0c2d} [ 14 ms] [default] [think-sso] [rows:1  ] SELECT `id`,`name`,`phone`,`email`,`password`,`code`,`code_time`,`app_ids`,`create_time`,`update_time`,`delete_time` FROM `user` WHERE ((`email`='598586050@qq.com') AND (`password`='123456')) AND `delete_time` IS NULL LIMIT 1
2024-06-04 17:49:16.070 [DEBU] {f05bb8f332c4d5172bf83e6290897dd7} [ 41 ms] [default] [think-sso] [rows:11 ] SHOW FULL COLUMNS FROM `user`
2024-06-04 17:49:16.088 [DEBU] {f05bb8f332c4d5172bf83e6290897dd7} [ 17 ms] [default] [think-sso] [rows:1  ] SELECT COUNT(1) FROM `user` WHERE (`email`='598586050@qq.com') AND `delete_time` IS NULL
2024-06-04 17:49:16.115 [DEBU] {f05bb8f332c4d5172bf83e6290897dd7} [ 27 ms] [default] [think-sso] [rows:2  ] SHOW TABLES
2024-06-04 17:49:16.140 [DEBU] {f05bb8f332c4d5172bf83e6290897dd7} [ 24 ms] [default] [think-sso] [rows:1  ] SELECT `id`,`name`,`phone`,`email`,`password`,`code`,`code_time`,`app_ids`,`create_time`,`update_time`,`delete_time` FROM `user` WHERE ((`email`='598586050@qq.com') AND (`password`='123456')) AND `delete_time` IS NULL LIMIT 1
2024-06-04 17:50:45.193 [DEBU] {bc73beb347c4d517aab28305d6368e4b} [ 43 ms] [default] [think-sso] [rows:11 ] SHOW FULL COLUMNS FROM `user`
2024-06-04 17:50:45.211 [DEBU] {bc73beb347c4d517aab28305d6368e4b} [ 14 ms] [default] [think-sso] [rows:1  ] SELECT COUNT(1) FROM `user` WHERE (`email`='598586050@qq.com') AND `delete_time` IS NULL
2024-06-04 17:50:45.226 [DEBU] {bc73beb347c4d517aab28305d6368e4b} [ 15 ms] [default] [think-sso] [rows:2  ] SHOW TABLES
2024-06-04 17:50:45.250 [DEBU] {bc73beb347c4d517aab28305d6368e4b} [ 23 ms] [default] [think-sso] [rows:1  ] SELECT `id`,`name`,`phone`,`email`,`password`,`code`,`code_time`,`app_ids`,`create_time`,`update_time`,`delete_time` FROM `user` WHERE ((`email`='598586050@qq.com') AND (`password`='123456')) AND `delete_time` IS NULL LIMIT 1
2024-06-04 17:58:53.418 [DEBU] {18519360b9c4d517d0d466211995749e} [ 37 ms] [default] [think-sso] [rows:11 ] SHOW FULL COLUMNS FROM `user`
2024-06-04 17:58:53.433 [DEBU] {18519360b9c4d517d0d466211995749e} [ 13 ms] [default] [think-sso] [rows:1  ] SELECT COUNT(1) FROM `user` WHERE (`email`='598586050@qq.com') AND `delete_time` IS NULL
2024-06-04 17:58:53.441 [DEBU] {18519360b9c4d517d0d466211995749e} [  7 ms] [default] [think-sso] [rows:2  ] SHOW TABLES
2024-06-04 17:58:53.458 [DEBU] {18519360b9c4d517d0d466211995749e} [ 16 ms] [default] [think-sso] [rows:1  ] SELECT `id`,`name`,`phone`,`email`,`password`,`code`,`code_time`,`app_ids`,`create_time`,`update_time`,`delete_time` FROM `user` WHERE ((`email`='598586050@qq.com') AND (`password`='123456')) AND `delete_time` IS NULL LIMIT 1
2024-06-04 18:01:17.754 [DEBU] {28f66cfbdac4d517d2d46621b5eb8835} [ 42 ms] [default] [think-sso] [rows:1  ] SELECT COUNT(1) FROM `user` WHERE (`email`='598586050@qq.com') AND `delete_time` IS NULL
2024-06-04 18:01:17.770 [DEBU] {28f66cfbdac4d517d2d46621b5eb8835} [ 15 ms] [default] [think-sso] [rows:1  ] SELECT `id`,`name`,`phone`,`email`,`password`,`code`,`code_time`,`app_ids`,`create_time`,`update_time`,`delete_time` FROM `user` WHERE ((`email`='598586050@qq.com') AND (`password`='123456')) AND `delete_time` IS NULL LIMIT 1
2024-06-04 18:04:02.299 [DEBU] {18583b4b01c5d517d3d4662178531195} [ 39 ms] [default] [think-sso] [rows:1  ] SELECT COUNT(1) FROM `user` WHERE (`email`='598586050@qq.com') AND `delete_time` IS NULL
2024-06-04 18:04:02.324 [DEBU] {18583b4b01c5d517d3d4662178531195} [ 23 ms] [default] [think-sso] [rows:1  ] SELECT `id`,`name`,`phone`,`email`,`password`,`code`,`code_time`,`app_ids`,`create_time`,`update_time`,`delete_time` FROM `user` WHERE ((`email`='598586050@qq.com') AND (`password`='123456')) AND `delete_time` IS NULL LIMIT 1
2024-06-04 18:16:12.868 [DEBU] {c8072b65abc5d517a11ca612cc450b22} [ 28 ms] [default] [think-sso] [rows:11 ] SHOW FULL COLUMNS FROM `user`
2024-06-04 18:16:12.882 [DEBU] {c8072b65abc5d517a11ca612cc450b22} [ 12 ms] [default] [think-sso] [rows:1  ] SELECT COUNT(1) FROM `user` WHERE (`email`='598586050@qq.com') AND `delete_time` IS NULL
2024-06-04 18:16:12.888 [DEBU] {c8072b65abc5d517a11ca612cc450b22} [  5 ms] [default] [think-sso] [rows:2  ] SHOW TABLES
2024-06-04 18:16:12.899 [DEBU] {c8072b65abc5d517a11ca612cc450b22} [ 10 ms] [default] [think-sso] [rows:1  ] SELECT `id`,`name`,`phone`,`email`,`password`,`code`,`code_time`,`app_ids`,`create_time`,`update_time`,`delete_time` FROM `user` WHERE ((`email`='598586050@qq.com') AND (`password`='123456')) AND `delete_time` IS NULL LIMIT 1
2024-06-04 18:16:45.130 [DEBU] {c07653e7b2c5d517a31ca612c1411401} [ 42 ms] [default] [think-sso] [rows:1  ] SELECT COUNT(1) FROM `user` WHERE `delete_time` IS NULL
2024-06-04 18:16:45.138 [DEBU] {c07653e7b2c5d517a31ca612c1411401} [  7 ms] [default] [think-sso] [rows:1  ] SELECT `id`,`name`,`phone`,`email`,`app_ids`,`create_time`,`update_time` FROM `user` WHERE `delete_time` IS NULL LIMIT 0,10
2024-06-04 18:20:59.944 [DEBU] {ac13fe3beec5d5175edd47657ac407e0} [ 32 ms] [default] [think-sso] [rows:11 ] SHOW FULL COLUMNS FROM `user`
2024-06-04 18:20:59.960 [DEBU] {ac13fe3beec5d5175edd47657ac407e0} [ 14 ms] [default] [think-sso] [rows:1  ] SELECT COUNT(1) FROM `user` WHERE (`email`='598586050@qq.com') AND `delete_time` IS NULL
2024-06-04 18:20:59.969 [DEBU] {ac13fe3beec5d5175edd47657ac407e0} [  9 ms] [default] [think-sso] [rows:2  ] SHOW TABLES
2024-06-04 18:20:59.984 [DEBU] {ac13fe3beec5d5175edd47657ac407e0} [ 14 ms] [default] [think-sso] [rows:1  ] SELECT `id`,`name`,`phone`,`email`,`password`,`code`,`code_time`,`app_ids`,`create_time`,`update_time`,`delete_time` FROM `user` WHERE ((`email`='598586050@qq.com') AND (`password`='123456')) AND `delete_time` IS NULL LIMIT 1
2024-06-04 19:22:45.207 [DEBU] {1c5691ee4cc9d517159f2918150dc553} [ 37 ms] [default] [think-sso] [rows:11 ] SHOW FULL COLUMNS FROM `user`
2024-06-04 19:22:45.221 [DEBU] {1c5691ee4cc9d517159f2918150dc553} [ 13 ms] [default] [think-sso] [rows:1  ] SELECT COUNT(1) FROM `user` WHERE (`email`='598586050@qq.com') AND `delete_time` IS NULL
2024-06-04 19:22:45.227 [DEBU] {1c5691ee4cc9d517159f2918150dc553} [  5 ms] [default] [think-sso] [rows:2  ] SHOW TABLES
2024-06-04 19:22:45.242 [DEBU] {1c5691ee4cc9d517159f2918150dc553} [ 14 ms] [default] [think-sso] [rows:1  ] SELECT `id`,`name`,`phone`,`email`,`password`,`code`,`code_time`,`app_ids`,`create_time`,`update_time`,`delete_time` FROM `user` WHERE ((`email`='598586050@qq.com') AND (`password`='123456')) AND `delete_time` IS NULL LIMIT 1
2024-06-04 19:23:24.451 [DEBU] {941c6a0556c9d517179f29188a10062a} [244 ms] [default] [think-sso] [rows:1  ] SELECT COUNT(1) FROM `user` WHERE `delete_time` IS NULL
2024-06-04 19:23:24.459 [DEBU] {941c6a0556c9d517179f29188a10062a} [  8 ms] [default] [think-sso] [rows:1  ] SELECT `id`,`name`,`phone`,`email`,`app_ids`,`create_time`,`update_time` FROM `user` WHERE `delete_time` IS NULL LIMIT 0,10
2024-06-04 20:25:43.989 [DEBU] {5830ebbfbcccd517f983c66b6848f53b} [ 30 ms] [default] [think-sso] [rows:11 ] SHOW FULL COLUMNS FROM `user`
2024-06-04 20:25:44.006 [DEBU] {5830ebbfbcccd517f983c66b6848f53b} [ 15 ms] [default] [think-sso] [rows:1  ] SELECT COUNT(1) FROM `user` WHERE (`email`='598586050@qq.com') AND `delete_time` IS NULL
2024-06-04 20:25:44.017 [DEBU] {5830ebbfbcccd517f983c66b6848f53b} [ 11 ms] [default] [think-sso] [rows:2  ] SHOW TABLES
2024-06-04 20:25:44.031 [DEBU] {5830ebbfbcccd517f983c66b6848f53b} [ 14 ms] [default] [think-sso] [rows:1  ] SELECT `id`,`name`,`phone`,`email`,`password`,`code`,`code_time`,`app_ids`,`create_time`,`update_time`,`delete_time` FROM `user` WHERE ((`email`='598586050@qq.com') AND (`password`='123456')) AND `delete_time` IS NULL LIMIT 1
2024-06-04 20:25:57.836 [DEBU] {74d073fabfccd517fa83c66b61186a6b} [ 11 ms] [default] [think-sso] [rows:1  ] SELECT COUNT(1) FROM `user` WHERE `delete_time` IS NULL
2024-06-04 20:25:57.843 [DEBU] {74d073fabfccd517fa83c66b61186a6b} [  7 ms] [default] [think-sso] [rows:1  ] SELECT `id`,`name`,`phone`,`email`,`app_ids`,`create_time`,`update_time` FROM `user` WHERE `delete_time` IS NULL LIMIT 0,10
2024-06-04 21:06:47.994 [DEBU] {78a4a671faced517cad6b83e4c643be6} [ 35 ms] [default] [think-sso] [rows:11 ] SHOW FULL COLUMNS FROM `user`
2024-06-04 21:06:48.002 [DEBU] {78a4a671faced517cad6b83e4c643be6} [  7 ms] [default] [think-sso] [rows:1  ] SELECT COUNT(1) FROM `user` WHERE `delete_time` IS NULL
2024-06-04 21:06:48.009 [DEBU] {78a4a671faced517cad6b83e4c643be6} [  7 ms] [default] [think-sso] [rows:2  ] SHOW TABLES
2024-06-04 21:06:48.017 [DEBU] {78a4a671faced517cad6b83e4c643be6} [  7 ms] [default] [think-sso] [rows:1  ] SELECT `id`,`name`,`phone`,`email`,`app_ids`,`create_time`,`update_time` FROM `user` WHERE `delete_time` IS NULL LIMIT 0,10
